{"total": {"lines":{"total":945,"covered":873,"skipped":0,"pct":92.38},"statements":{"total":995,"covered":909,"skipped":0,"pct":91.35},"functions":{"total":234,"covered":212,"skipped":0,"pct":90.59},"branches":{"total":324,"covered":286,"skipped":0,"pct":88.27},"branchesTrue":{"total":0,"covered":0,"skipped":0,"pct":100}}
,"/home/runner/work/flow/flow/src/index.ts": {"lines":{"total":3,"covered":3,"skipped":0,"pct":100},"functions":{"total":0,"covered":0,"skipped":0,"pct":100},"statements":{"total":3,"covered":3,"skipped":0,"pct":100},"branches":{"total":0,"covered":0,"skipped":0,"pct":100}}
,"/home/runner/work/flow/flow/src/utils.ts": {"lines":{"total":19,"covered":17,"skipped":0,"pct":89.47},"functions":{"total":8,"covered":7,"skipped":0,"pct":87.5},"statements":{"total":19,"covered":17,"skipped":0,"pct":89.47},"branches":{"total":8,"covered":6,"skipped":0,"pct":75}}
,"/home/runner/work/flow/flow/src/flow/andThen.ts": {"lines":{"total":16,"covered":15,"skipped":0,"pct":93.75},"functions":{"total":3,"covered":3,"skipped":0,"pct":100},"statements":{"total":17,"covered":16,"skipped":0,"pct":94.11},"branches":{"total":6,"covered":5,"skipped":0,"pct":83.33}}
,"/home/runner/work/flow/flow/src/flow/anyway.ts": {"lines":{"total":15,"covered":13,"skipped":0,"pct":86.66},"functions":{"total":2,"covered":2,"skipped":0,"pct":100},"statements":{"total":16,"covered":14,"skipped":0,"pct":87.5},"branches":{"total":6,"covered":4,"skipped":0,"pct":66.66}}
,"/home/runner/work/flow/flow/src/flow/errThen.ts": {"lines":{"total":11,"covered":10,"skipped":0,"pct":90.9},"functions":{"total":3,"covered":2,"skipped":0,"pct":66.66},"statements":{"total":13,"covered":11,"skipped":0,"pct":84.61},"branches":{"total":3,"covered":2,"skipped":0,"pct":66.66}}
,"/home/runner/work/flow/flow/src/flow/errThenEnd.ts": {"lines":{"total":14,"covered":13,"skipped":0,"pct":92.85},"functions":{"total":3,"covered":3,"skipped":0,"pct":100},"statements":{"total":16,"covered":15,"skipped":0,"pct":93.75},"branches":{"total":4,"covered":3,"skipped":0,"pct":75}}
,"/home/runner/work/flow/flow/src/flow/flow.ts": {"lines":{"total":48,"covered":43,"skipped":0,"pct":89.58},"functions":{"total":9,"covered":8,"skipped":0,"pct":88.88},"statements":{"total":49,"covered":44,"skipped":0,"pct":89.79},"branches":{"total":17,"covered":14,"skipped":0,"pct":82.35}}
,"/home/runner/work/flow/flow/src/flow/ifThen.ts": {"lines":{"total":13,"covered":12,"skipped":0,"pct":92.3},"functions":{"total":3,"covered":1,"skipped":0,"pct":33.33},"statements":{"total":15,"covered":12,"skipped":0,"pct":80},"branches":{"total":4,"covered":3,"skipped":0,"pct":75}}
,"/home/runner/work/flow/flow/src/flow/index.ts": {"lines":{"total":12,"covered":12,"skipped":0,"pct":100},"functions":{"total":0,"covered":0,"skipped":0,"pct":100},"statements":{"total":12,"covered":12,"skipped":0,"pct":100},"branches":{"total":0,"covered":0,"skipped":0,"pct":100}}
,"/home/runner/work/flow/flow/src/flow/inject.ts": {"lines":{"total":10,"covered":9,"skipped":0,"pct":90},"functions":{"total":4,"covered":3,"skipped":0,"pct":75},"statements":{"total":13,"covered":11,"skipped":0,"pct":84.61},"branches":{"total":4,"covered":3,"skipped":0,"pct":75}}
,"/home/runner/work/flow/flow/src/flow/inspect.ts": {"lines":{"total":11,"covered":10,"skipped":0,"pct":90.9},"functions":{"total":3,"covered":1,"skipped":0,"pct":33.33},"statements":{"total":13,"covered":10,"skipped":0,"pct":76.92},"branches":{"total":8,"covered":5,"skipped":0,"pct":62.5}}
,"/home/runner/work/flow/flow/src/flow/into.ts": {"lines":{"total":11,"covered":10,"skipped":0,"pct":90.9},"functions":{"total":3,"covered":1,"skipped":0,"pct":33.33},"statements":{"total":13,"covered":10,"skipped":0,"pct":76.92},"branches":{"total":4,"covered":3,"skipped":0,"pct":75}}
,"/home/runner/work/flow/flow/src/flow/log.ts": {"lines":{"total":8,"covered":7,"skipped":0,"pct":87.5},"functions":{"total":2,"covered":2,"skipped":0,"pct":100},"statements":{"total":9,"covered":8,"skipped":0,"pct":88.88},"branches":{"total":2,"covered":1,"skipped":0,"pct":50}}
,"/home/runner/work/flow/flow/src/flow/mapErr.ts": {"lines":{"total":11,"covered":11,"skipped":0,"pct":100},"functions":{"total":3,"covered":2,"skipped":0,"pct":66.66},"statements":{"total":13,"covered":12,"skipped":0,"pct":92.3},"branches":{"total":3,"covered":3,"skipped":0,"pct":100}}
,"/home/runner/work/flow/flow/src/flow/result.ts": {"lines":{"total":43,"covered":40,"skipped":0,"pct":93.02},"functions":{"total":15,"covered":15,"skipped":0,"pct":100},"statements":{"total":45,"covered":42,"skipped":0,"pct":93.33},"branches":{"total":22,"covered":20,"skipped":0,"pct":90.9}}
,"/home/runner/work/flow/flow/src/pipe/index.ts": {"lines":{"total":2,"covered":2,"skipped":0,"pct":100},"functions":{"total":0,"covered":0,"skipped":0,"pct":100},"statements":{"total":2,"covered":2,"skipped":0,"pct":100},"branches":{"total":0,"covered":0,"skipped":0,"pct":100}}
,"/home/runner/work/flow/flow/src/pipe/lazy/append.ts": {"lines":{"total":30,"covered":28,"skipped":0,"pct":93.33},"functions":{"total":9,"covered":8,"skipped":0,"pct":88.88},"statements":{"total":31,"covered":29,"skipped":0,"pct":93.54},"branches":{"total":12,"covered":12,"skipped":0,"pct":100}}
,"/home/runner/work/flow/flow/src/pipe/lazy/concat.ts": {"lines":{"total":28,"covered":27,"skipped":0,"pct":96.42},"functions":{"total":8,"covered":7,"skipped":0,"pct":87.5},"statements":{"total":29,"covered":27,"skipped":0,"pct":93.1},"branches":{"total":13,"covered":13,"skipped":0,"pct":100}}
,"/home/runner/work/flow/flow/src/pipe/lazy/concurrent.ts": {"lines":{"total":60,"covered":55,"skipped":0,"pct":91.66},"functions":{"total":15,"covered":15,"skipped":0,"pct":100},"statements":{"total":61,"covered":56,"skipped":0,"pct":91.8},"branches":{"total":21,"covered":16,"skipped":0,"pct":76.19}}
,"/home/runner/work/flow/flow/src/pipe/lazy/entries.ts": {"lines":{"total":4,"covered":4,"skipped":0,"pct":100},"functions":{"total":1,"covered":1,"skipped":0,"pct":100},"statements":{"total":4,"covered":4,"skipped":0,"pct":100},"branches":{"total":1,"covered":1,"skipped":0,"pct":100}}
,"/home/runner/work/flow/flow/src/pipe/lazy/filter.ts": {"lines":{"total":79,"covered":64,"skipped":0,"pct":81.01},"functions":{"total":21,"covered":19,"skipped":0,"pct":90.47},"statements":{"total":80,"covered":65,"skipped":0,"pct":81.25},"branches":{"total":20,"covered":15,"skipped":0,"pct":75}}
,"/home/runner/work/flow/flow/src/pipe/lazy/flat.ts": {"lines":{"total":88,"covered":82,"skipped":0,"pct":93.18},"functions":{"total":20,"covered":18,"skipped":0,"pct":90},"statements":{"total":88,"covered":82,"skipped":0,"pct":93.18},"branches":{"total":27,"covered":25,"skipped":0,"pct":92.59}}
,"/home/runner/work/flow/flow/src/pipe/lazy/index.ts": {"lines":{"total":14,"covered":14,"skipped":0,"pct":100},"functions":{"total":0,"covered":0,"skipped":0,"pct":100},"statements":{"total":14,"covered":14,"skipped":0,"pct":100},"branches":{"total":0,"covered":0,"skipped":0,"pct":100}}
,"/home/runner/work/flow/flow/src/pipe/lazy/keys.ts": {"lines":{"total":4,"covered":4,"skipped":0,"pct":100},"functions":{"total":1,"covered":1,"skipped":0,"pct":100},"statements":{"total":4,"covered":4,"skipped":0,"pct":100},"branches":{"total":1,"covered":1,"skipped":0,"pct":100}}
,"/home/runner/work/flow/flow/src/pipe/lazy/map.ts": {"lines":{"total":27,"covered":27,"skipped":0,"pct":100},"functions":{"total":8,"covered":8,"skipped":0,"pct":100},"statements":{"total":28,"covered":28,"skipped":0,"pct":100},"branches":{"total":8,"covered":8,"skipped":0,"pct":100}}
,"/home/runner/work/flow/flow/src/pipe/lazy/peek.ts": {"lines":{"total":11,"covered":10,"skipped":0,"pct":90.9},"functions":{"total":2,"covered":2,"skipped":0,"pct":100},"statements":{"total":12,"covered":11,"skipped":0,"pct":91.66},"branches":{"total":3,"covered":3,"skipped":0,"pct":100}}
,"/home/runner/work/flow/flow/src/pipe/lazy/range.ts": {"lines":{"total":12,"covered":12,"skipped":0,"pct":100},"functions":{"total":1,"covered":1,"skipped":0,"pct":100},"statements":{"total":12,"covered":12,"skipped":0,"pct":100},"branches":{"total":9,"covered":9,"skipped":0,"pct":100}}
,"/home/runner/work/flow/flow/src/pipe/lazy/take.ts": {"lines":{"total":24,"covered":22,"skipped":0,"pct":91.66},"functions":{"total":6,"covered":6,"skipped":0,"pct":100},"statements":{"total":25,"covered":23,"skipped":0,"pct":92},"branches":{"total":6,"covered":5,"skipped":0,"pct":83.33}}
,"/home/runner/work/flow/flow/src/pipe/lazy/takeUntil.ts": {"lines":{"total":39,"covered":35,"skipped":0,"pct":89.74},"functions":{"total":9,"covered":8,"skipped":0,"pct":88.88},"statements":{"total":40,"covered":36,"skipped":0,"pct":90},"branches":{"total":14,"covered":12,"skipped":0,"pct":85.71}}
,"/home/runner/work/flow/flow/src/pipe/lazy/toAsync.ts": {"lines":{"total":9,"covered":9,"skipped":0,"pct":100},"functions":{"total":4,"covered":4,"skipped":0,"pct":100},"statements":{"total":10,"covered":10,"skipped":0,"pct":100},"branches":{"total":2,"covered":2,"skipped":0,"pct":100}}
,"/home/runner/work/flow/flow/src/pipe/lazy/values.ts": {"lines":{"total":4,"covered":4,"skipped":0,"pct":100},"functions":{"total":1,"covered":1,"skipped":0,"pct":100},"statements":{"total":4,"covered":4,"skipped":0,"pct":100},"branches":{"total":1,"covered":1,"skipped":0,"pct":100}}
,"/home/runner/work/flow/flow/src/pipe/strict/add.ts": {"lines":{"total":15,"covered":13,"skipped":0,"pct":86.66},"functions":{"total":4,"covered":3,"skipped":0,"pct":75},"statements":{"total":16,"covered":13,"skipped":0,"pct":81.25},"branches":{"total":10,"covered":9,"skipped":0,"pct":90}}
,"/home/runner/work/flow/flow/src/pipe/strict/always.ts": {"lines":{"total":2,"covered":2,"skipped":0,"pct":100},"functions":{"total":2,"covered":2,"skipped":0,"pct":100},"statements":{"total":3,"covered":3,"skipped":0,"pct":100},"branches":{"total":0,"covered":0,"skipped":0,"pct":100}}
,"/home/runner/work/flow/flow/src/pipe/strict/apply.ts": {"lines":{"total":4,"covered":4,"skipped":0,"pct":100},"functions":{"total":2,"covered":1,"skipped":0,"pct":50},"statements":{"total":5,"covered":4,"skipped":0,"pct":80},"branches":{"total":2,"covered":2,"skipped":0,"pct":100}}
,"/home/runner/work/flow/flow/src/pipe/strict/consume.ts": {"lines":{"total":16,"covered":15,"skipped":0,"pct":93.75},"functions":{"total":3,"covered":3,"skipped":0,"pct":100},"statements":{"total":16,"covered":15,"skipped":0,"pct":93.75},"branches":{"total":5,"covered":5,"skipped":0,"pct":100}}
,"/home/runner/work/flow/flow/src/pipe/strict/delay.ts": {"lines":{"total":7,"covered":7,"skipped":0,"pct":100},"functions":{"total":3,"covered":3,"skipped":0,"pct":100},"statements":{"total":7,"covered":7,"skipped":0,"pct":100},"branches":{"total":1,"covered":1,"skipped":0,"pct":100}}
,"/home/runner/work/flow/flow/src/pipe/strict/each.ts": {"lines":{"total":15,"covered":14,"skipped":0,"pct":93.33},"functions":{"total":4,"covered":4,"skipped":0,"pct":100},"statements":{"total":16,"covered":15,"skipped":0,"pct":93.75},"branches":{"total":4,"covered":4,"skipped":0,"pct":100}}
,"/home/runner/work/flow/flow/src/pipe/strict/every.ts": {"lines":{"total":14,"covered":13,"skipped":0,"pct":92.85},"functions":{"total":4,"covered":3,"skipped":0,"pct":75},"statements":{"total":15,"covered":13,"skipped":0,"pct":86.66},"branches":{"total":8,"covered":8,"skipped":0,"pct":100}}
,"/home/runner/work/flow/flow/src/pipe/strict/gt.ts": {"lines":{"total":6,"covered":6,"skipped":0,"pct":100},"functions":{"total":2,"covered":2,"skipped":0,"pct":100},"statements":{"total":7,"covered":7,"skipped":0,"pct":100},"branches":{"total":8,"covered":8,"skipped":0,"pct":100}}
,"/home/runner/work/flow/flow/src/pipe/strict/identity.ts": {"lines":{"total":2,"covered":2,"skipped":0,"pct":100},"functions":{"total":1,"covered":1,"skipped":0,"pct":100},"statements":{"total":2,"covered":2,"skipped":0,"pct":100},"branches":{"total":0,"covered":0,"skipped":0,"pct":100}}
,"/home/runner/work/flow/flow/src/pipe/strict/includes.ts": {"lines":{"total":10,"covered":10,"skipped":0,"pct":100},"functions":{"total":4,"covered":4,"skipped":0,"pct":100},"statements":{"total":13,"covered":13,"skipped":0,"pct":100},"branches":{"total":3,"covered":3,"skipped":0,"pct":100}}
,"/home/runner/work/flow/flow/src/pipe/strict/index.ts": {"lines":{"total":29,"covered":29,"skipped":0,"pct":100},"functions":{"total":0,"covered":0,"skipped":0,"pct":100},"statements":{"total":29,"covered":29,"skipped":0,"pct":100},"branches":{"total":0,"covered":0,"skipped":0,"pct":100}}
,"/home/runner/work/flow/flow/src/pipe/strict/isArray.ts": {"lines":{"total":2,"covered":2,"skipped":0,"pct":100},"functions":{"total":1,"covered":1,"skipped":0,"pct":100},"statements":{"total":2,"covered":2,"skipped":0,"pct":100},"branches":{"total":0,"covered":0,"skipped":0,"pct":100}}
,"/home/runner/work/flow/flow/src/pipe/strict/isBoolean.ts": {"lines":{"total":2,"covered":2,"skipped":0,"pct":100},"functions":{"total":1,"covered":1,"skipped":0,"pct":100},"statements":{"total":2,"covered":2,"skipped":0,"pct":100},"branches":{"total":0,"covered":0,"skipped":0,"pct":100}}
,"/home/runner/work/flow/flow/src/pipe/strict/isEmpty.ts": {"lines":{"total":9,"covered":9,"skipped":0,"pct":100},"functions":{"total":1,"covered":1,"skipped":0,"pct":100},"statements":{"total":12,"covered":12,"skipped":0,"pct":100},"branches":{"total":9,"covered":9,"skipped":0,"pct":100}}
,"/home/runner/work/flow/flow/src/pipe/strict/isFunction.ts": {"lines":{"total":2,"covered":2,"skipped":0,"pct":100},"functions":{"total":1,"covered":1,"skipped":0,"pct":100},"statements":{"total":2,"covered":2,"skipped":0,"pct":100},"branches":{"total":0,"covered":0,"skipped":0,"pct":100}}
,"/home/runner/work/flow/flow/src/pipe/strict/isNil.ts": {"lines":{"total":4,"covered":4,"skipped":0,"pct":100},"functions":{"total":1,"covered":1,"skipped":0,"pct":100},"statements":{"total":4,"covered":4,"skipped":0,"pct":100},"branches":{"total":2,"covered":2,"skipped":0,"pct":100}}
,"/home/runner/work/flow/flow/src/pipe/strict/isNull.ts": {"lines":{"total":2,"covered":2,"skipped":0,"pct":100},"functions":{"total":1,"covered":1,"skipped":0,"pct":100},"statements":{"total":2,"covered":2,"skipped":0,"pct":100},"branches":{"total":0,"covered":0,"skipped":0,"pct":100}}
,"/home/runner/work/flow/flow/src/pipe/strict/isNumber.ts": {"lines":{"total":2,"covered":2,"skipped":0,"pct":100},"functions":{"total":1,"covered":1,"skipped":0,"pct":100},"statements":{"total":2,"covered":2,"skipped":0,"pct":100},"branches":{"total":0,"covered":0,"skipped":0,"pct":100}}
,"/home/runner/work/flow/flow/src/pipe/strict/isObject.ts": {"lines":{"total":3,"covered":3,"skipped":0,"pct":100},"functions":{"total":1,"covered":1,"skipped":0,"pct":100},"statements":{"total":3,"covered":3,"skipped":0,"pct":100},"branches":{"total":3,"covered":3,"skipped":0,"pct":100}}
,"/home/runner/work/flow/flow/src/pipe/strict/isString.ts": {"lines":{"total":2,"covered":2,"skipped":0,"pct":100},"functions":{"total":1,"covered":1,"skipped":0,"pct":100},"statements":{"total":2,"covered":2,"skipped":0,"pct":100},"branches":{"total":0,"covered":0,"skipped":0,"pct":100}}
,"/home/runner/work/flow/flow/src/pipe/strict/isUndefined.ts": {"lines":{"total":2,"covered":2,"skipped":0,"pct":100},"functions":{"total":1,"covered":1,"skipped":0,"pct":100},"statements":{"total":2,"covered":2,"skipped":0,"pct":100},"branches":{"total":0,"covered":0,"skipped":0,"pct":100}}
,"/home/runner/work/flow/flow/src/pipe/strict/last.ts": {"lines":{"total":10,"covered":9,"skipped":0,"pct":90},"functions":{"total":2,"covered":2,"skipped":0,"pct":100},"statements":{"total":11,"covered":10,"skipped":0,"pct":90.9},"branches":{"total":6,"covered":6,"skipped":0,"pct":100}}
,"/home/runner/work/flow/flow/src/pipe/strict/max.ts": {"lines":{"total":21,"covered":19,"skipped":0,"pct":90.47},"functions":{"total":3,"covered":3,"skipped":0,"pct":100},"statements":{"total":21,"covered":19,"skipped":0,"pct":90.47},"branches":{"total":10,"covered":9,"skipped":0,"pct":90}}
,"/home/runner/work/flow/flow/src/pipe/strict/not.ts": {"lines":{"total":2,"covered":2,"skipped":0,"pct":100},"functions":{"total":1,"covered":1,"skipped":0,"pct":100},"statements":{"total":2,"covered":2,"skipped":0,"pct":100},"branches":{"total":0,"covered":0,"skipped":0,"pct":100}}
,"/home/runner/work/flow/flow/src/pipe/strict/pipe.ts": {"lines":{"total":5,"covered":5,"skipped":0,"pct":100},"functions":{"total":1,"covered":1,"skipped":0,"pct":100},"statements":{"total":5,"covered":5,"skipped":0,"pct":100},"branches":{"total":0,"covered":0,"skipped":0,"pct":100}}
,"/home/runner/work/flow/flow/src/pipe/strict/reduce.ts": {"lines":{"total":33,"covered":28,"skipped":0,"pct":84.84},"functions":{"total":8,"covered":8,"skipped":0,"pct":100},"statements":{"total":35,"covered":30,"skipped":0,"pct":85.71},"branches":{"total":8,"covered":6,"skipped":0,"pct":75}}
,"/home/runner/work/flow/flow/src/pipe/strict/size.ts": {"lines":{"total":14,"covered":13,"skipped":0,"pct":92.85},"functions":{"total":5,"covered":5,"skipped":0,"pct":100},"statements":{"total":16,"covered":15,"skipped":0,"pct":93.75},"branches":{"total":2,"covered":2,"skipped":0,"pct":100}}
,"/home/runner/work/flow/flow/src/pipe/strict/some.ts": {"lines":{"total":13,"covered":12,"skipped":0,"pct":92.3},"functions":{"total":3,"covered":2,"skipped":0,"pct":66.66},"statements":{"total":14,"covered":12,"skipped":0,"pct":85.71},"branches":{"total":6,"covered":6,"skipped":0,"pct":100}}
,"/home/runner/work/flow/flow/src/pipe/strict/tap.ts": {"lines":{"total":6,"covered":6,"skipped":0,"pct":100},"functions":{"total":3,"covered":3,"skipped":0,"pct":100},"statements":{"total":8,"covered":8,"skipped":0,"pct":100},"branches":{"total":5,"covered":5,"skipped":0,"pct":100}}
,"/home/runner/work/flow/flow/src/pipe/strict/toArray.ts": {"lines":{"total":11,"covered":10,"skipped":0,"pct":90.9},"functions":{"total":2,"covered":2,"skipped":0,"pct":100},"statements":{"total":11,"covered":10,"skipped":0,"pct":90.9},"branches":{"total":3,"covered":3,"skipped":0,"pct":100}}
}
