TN:
SF:src/index.ts
FNF:0
FNH:0
DA:1,53
DA:2,53
DA:4,53
LF:3
LH:3
BRF:0
BRH:0
end_of_record
TN:
SF:src/utils.ts
FN:3,isPromise
FN:20,isIterable
FN:24,isAsyncIterable
FN:28,call
FN:36,(anonymous_4)
FN:42,(anonymous_5)
FN:48,(anonymous_6)
FN:53,empty
FNF:8
FNH:7
FNDA:526,isPromise
FNDA:230,isIterable
FNDA:120,isAsyncIterable
FNDA:140,call
FNDA:1,(anonymous_4)
FNDA:1,(anonymous_5)
FNDA:0,(anonymous_6)
FNDA:3,empty
DA:3,53
DA:4,526
DA:5,68
DA:8,458
DA:14,0
DA:17,458
DA:20,53
DA:21,230
DA:24,53
DA:25,120
DA:28,53
DA:32,140
DA:35,53
DA:37,1
DA:41,53
DA:43,1
DA:47,53
DA:49,0
DA:53,53
LF:19
LH:17
BRDA:4,0,0,68
BRDA:8,1,0,0
BRDA:9,2,0,458
BRDA:9,2,1,458
BRDA:9,2,2,150
BRDA:9,2,3,0
BRDA:32,3,0,6
BRDA:32,3,1,134
BRF:8
BRH:6
end_of_record
TN:
SF:src/flow/andThen.ts
FN:25,andThen
FN:30,(anonymous_1)
FN:36,(anonymous_2)
FNF:3
FNH:2
FNDA:17,andThen
FNDA:5,(anonymous_1)
FNDA:0,(anonymous_2)
DA:2,53
DA:3,53
DA:29,17
DA:30,8
DA:33,9
DA:34,6
DA:35,6
DA:36,0
DA:37,0
DA:38,0
DA:40,0
DA:43,6
DA:44,1
DA:46,5
DA:50,3
DA:53,53
LF:16
LH:12
BRDA:29,0,0,8
BRDA:33,1,0,6
BRDA:35,2,0,0
BRDA:35,2,1,6
BRDA:37,3,0,0
BRDA:43,4,0,1
BRF:6
BRH:4
end_of_record
TN:
SF:src/flow/anyway.ts
FN:31,(anonymous_1)
FN:40,(anonymous_2)
FNF:2
FNH:1
FNDA:1,(anonymous_1)
FNDA:0,(anonymous_2)
DA:2,53
DA:30,8
DA:31,3
DA:34,5
DA:35,2
DA:39,2
DA:40,0
DA:41,0
DA:42,0
DA:44,0
DA:47,2
DA:48,0
DA:50,2
DA:54,3
DA:60,53
LF:15
LH:10
BRDA:30,0,0,3
BRDA:34,1,0,2
BRDA:39,2,0,0
BRDA:39,2,1,2
BRDA:41,3,0,0
BRDA:47,4,0,0
BRF:6
BRH:3
end_of_record
TN:
SF:src/flow/errThen.ts
FN:22,errThen
FN:27,(anonymous_1)
FN:33,(anonymous_2)
FNF:3
FNH:2
FNDA:10,errThen
FNDA:2,(anonymous_1)
FNDA:0,(anonymous_2)
DA:2,53
DA:3,53
DA:26,10
DA:27,4
DA:30,6
DA:31,3
DA:32,2
DA:33,0
DA:35,2
DA:38,3
DA:41,53
LF:11
LH:10
BRDA:26,0,0,4
BRDA:30,1,0,3
BRDA:32,2,0,0
BRF:3
BRH:2
end_of_record
TN:
SF:src/flow/errThenEnd.ts
FN:27,errThenEnd
FN:33,(anonymous_1)
FN:44,(anonymous_2)
FNF:3
FNH:3
FNDA:7,errThenEnd
FNDA:3,(anonymous_1)
FNDA:1,(anonymous_2)
DA:2,53
DA:4,53
DA:32,7
DA:33,4
DA:36,3
DA:37,0
DA:40,3
DA:41,2
DA:42,2
DA:43,2
DA:44,1
DA:46,1
DA:49,1
DA:52,53
LF:14
LH:13
BRDA:32,0,0,4
BRDA:36,1,0,0
BRDA:40,2,0,2
BRDA:43,3,0,1
BRF:4
BRH:3
end_of_record
TN:
SF:src/flow/flow.ts
FN:589,flow
FN:595,(anonymous_1)
FN:606,(anonymous_2)
FN:616,(anonymous_3)
FN:621,(anonymous_4)
FN:631,(anonymous_5)
FN:635,(anonymous_6)
FN:653,log
FNF:8
FNH:6
FNDA:7,flow
FNDA:3,(anonymous_1)
FNDA:19,(anonymous_2)
FNDA:0,(anonymous_3)
FNDA:0,(anonymous_4)
FNDA:1,(anonymous_5)
FNDA:1,(anonymous_6)
FNDA:12,log
DA:2,53
DA:3,53
DA:590,7
DA:591,7
DA:595,7
DA:597,3
DA:598,3
DA:599,3
DA:603,7
DA:604,7
DA:606,7
DA:607,19
DA:608,6
DA:611,13
DA:612,13
DA:614,13
DA:615,1
DA:617,0
DA:618,0
DA:619,0
DA:622,0
DA:623,0
DA:626,12
DA:627,12
DA:628,12
DA:629,11
DA:630,2
DA:632,1
DA:633,1
DA:636,1
DA:637,1
DA:640,9
DA:641,9
DA:644,1
DA:645,1
DA:650,7
DA:654,12
DA:655,11
DA:657,1
DA:658,0
DA:659,0
DA:661,1
DA:662,1
DA:663,1
DA:665,0
DA:667,1
DA:671,53
LF:47
LH:39
BRDA:598,0,0,3
BRDA:598,1,0,3
BRDA:598,1,1,3
BRDA:607,2,0,6
BRDA:607,3,0,19
BRDA:607,3,1,17
BRDA:614,4,0,1
BRDA:614,4,1,12
BRDA:629,5,0,2
BRDA:629,5,1,9
BRDA:654,6,0,11
BRDA:657,7,0,0
BRDA:657,8,0,1
BRDA:657,8,1,0
BRDA:661,9,0,1
BRDA:662,10,0,1
BRDA:662,10,1,0
BRF:17
BRH:14
end_of_record
TN:
SF:src/flow/ifThen.ts
FN:36,ifThen
FN:42,(anonymous_1)
FN:52,(anonymous_2)
FNF:3
FNH:1
FNDA:4,ifThen
FNDA:0,(anonymous_1)
FNDA:0,(anonymous_2)
DA:2,53
DA:3,53
DA:41,4
DA:42,1
DA:45,3
DA:46,1
DA:49,2
DA:50,1
DA:51,1
DA:52,0
DA:54,1
DA:57,1
DA:60,53
LF:13
LH:12
BRDA:41,0,0,1
BRDA:45,1,0,1
BRDA:49,2,0,1
BRDA:51,3,0,0
BRF:4
BRH:3
end_of_record
TN:
SF:src/flow/index.ts
FNF:0
FNH:0
DA:1,53
DA:2,53
DA:3,53
DA:4,53
DA:5,53
DA:6,53
DA:7,53
DA:8,53
DA:9,53
DA:10,53
DA:11,53
LF:11
LH:11
BRF:0
BRH:0
end_of_record
TN:
SF:src/flow/inject.ts
FN:21,inject
FN:26,(anonymous_1)
FN:31,(anonymous_2)
FN:37,(anonymous_3)
FNF:4
FNH:1
FNDA:4,inject
FNDA:0,(anonymous_1)
FNDA:0,(anonymous_2)
FNDA:0,(anonymous_3)
DA:2,53
DA:25,4
DA:26,1
DA:30,3
DA:31,0
DA:33,3
DA:36,3
DA:37,0
DA:39,3
DA:42,53
LF:10
LH:8
BRDA:25,0,0,1
BRDA:30,1,0,0
BRDA:30,1,1,3
BRDA:36,2,0,0
BRF:4
BRH:2
end_of_record
TN:
SF:src/flow/inspect.ts
FN:31,inspect
FN:36,(anonymous_1)
FN:53,(anonymous_2)
FNF:3
FNH:1
FNDA:4,inspect
FNDA:0,(anonymous_1)
FNDA:0,(anonymous_2)
DA:2,53
DA:3,53
DA:35,4
DA:36,1
DA:40,3
DA:41,1
DA:46,2
DA:52,3
DA:53,0
DA:56,3
DA:59,53
LF:11
LH:10
BRDA:35,0,0,1
BRDA:40,1,0,1
BRDA:40,1,1,2
BRDA:52,2,0,0
BRDA:53,3,0,0
BRDA:53,3,1,0
BRDA:56,4,0,1
BRDA:56,4,1,2
BRF:8
BRH:5
end_of_record
TN:
SF:src/flow/into.ts
FN:22,into
FN:24,(anonymous_1)
FN:30,(anonymous_2)
FNF:3
FNH:1
FNDA:3,into
FNDA:0,(anonymous_1)
FNDA:0,(anonymous_2)
DA:2,53
DA:3,53
DA:23,3
DA:24,1
DA:27,2
DA:28,1
DA:29,1
DA:30,0
DA:32,1
DA:36,1
DA:39,53
LF:11
LH:10
BRDA:23,0,0,1
BRDA:27,1,0,1
BRDA:29,2,0,0
BRDA:29,2,1,1
BRF:4
BRH:3
end_of_record
TN:
SF:src/flow/log.ts
FN:20,log
FN:26,(anonymous_1)
FNF:2
FNH:2
FNDA:3,log
FNDA:1,(anonymous_1)
DA:1,53
DA:25,3
DA:26,2
DA:29,1
DA:30,0
DA:33,1
DA:37,1
DA:40,53
LF:8
LH:7
BRDA:25,0,0,2
BRDA:29,1,0,0
BRF:2
BRH:1
end_of_record
TN:
SF:src/flow/result.ts
FN:19,(anonymous_0)
FN:32,(anonymous_1)
FN:40,(anonymous_2)
FN:48,(anonymous_3)
FN:56,(anonymous_4)
FN:63,(anonymous_5)
FN:71,(anonymous_6)
FN:79,(anonymous_7)
FN:87,(anonymous_8)
FN:100,(anonymous_9)
FN:113,(anonymous_10)
FN:118,(anonymous_11)
FN:123,(anonymous_12)
FN:129,err
FN:136,ok
FNF:15
FNH:15
FNDA:97,(anonymous_0)
FNDA:30,(anonymous_1)
FNDA:2,(anonymous_2)
FNDA:2,(anonymous_3)
FNDA:26,(anonymous_4)
FNDA:2,(anonymous_5)
FNDA:2,(anonymous_6)
FNDA:2,(anonymous_7)
FNDA:2,(anonymous_8)
FNDA:2,(anonymous_9)
FNDA:27,(anonymous_10)
FNDA:14,(anonymous_11)
FNDA:8,(anonymous_12)
FNDA:28,err
FNDA:38,ok
DA:1,53
DA:20,97
DA:21,40
DA:22,40
DA:23,57
DA:24,57
DA:25,57
DA:27,0
DA:33,30
DA:34,29
DA:36,1
DA:41,2
DA:42,1
DA:44,1
DA:49,2
DA:50,1
DA:52,1
DA:57,26
DA:58,25
DA:64,2
DA:65,1
DA:67,1
DA:72,2
DA:73,1
DA:75,1
DA:80,2
DA:81,1
DA:83,1
DA:88,2
DA:89,1
DA:91,1
DA:101,2
DA:102,2
DA:103,2
DA:104,1
DA:106,0
DA:108,0
DA:114,27
DA:119,14
DA:124,8
DA:130,28
DA:137,38
DA:142,53
LF:43
LH:40
BRDA:20,0,0,40
BRDA:20,0,1,57
BRDA:20,1,0,97
BRDA:20,1,1,40
BRDA:23,2,0,57
BRDA:23,2,1,0
BRDA:23,3,0,57
BRDA:23,3,1,57
BRDA:33,4,0,29
BRDA:41,5,0,1
BRDA:49,6,0,1
BRDA:57,7,0,25
BRDA:64,8,0,1
BRDA:72,9,0,1
BRDA:80,10,0,1
BRDA:88,11,0,1
BRDA:88,11,1,1
BRDA:101,12,0,2
BRDA:101,12,1,0
BRDA:102,13,0,2
BRDA:124,14,0,8
BRDA:124,14,1,7
BRF:22
BRH:20
end_of_record
TN:
SF:src/pipe/index.ts
FNF:0
FNH:0
DA:1,53
DA:2,53
LF:2
LH:2
BRF:0
BRH:0
end_of_record
TN:
SF:src/pipe/lazy/append.ts
FN:5,sync
FN:10,asyncSequential
FN:14,(anonymous_2)
FN:17,(anonymous_3)
FN:35,async
FN:39,(anonymous_5)
FN:42,(anonymous_6)
FN:73,append
FN:78,(anonymous_8)
FNF:9
FNH:8
FNDA:1,sync
FNDA:4,asyncSequential
FNDA:0,(anonymous_2)
FNDA:26,(anonymous_3)
FNDA:4,async
FNDA:4,(anonymous_5)
FNDA:26,(anonymous_6)
FNDA:9,append
FNDA:3,(anonymous_8)
DA:2,53
DA:3,53
DA:6,1
DA:7,1
DA:11,4
DA:12,4
DA:13,4
DA:15,0
DA:18,26
DA:19,4
DA:21,22
DA:22,22
DA:23,3
DA:25,19
DA:26,4
DA:27,4
DA:29,15
DA:38,4
DA:40,4
DA:43,26
DA:44,4
DA:48,26
DA:77,9
DA:78,4
DA:81,5
DA:82,4
DA:85,1
DA:86,1
DA:89,0
DA:92,53
LF:30
LH:28
BRDA:18,0,0,4
BRDA:22,1,0,3
BRDA:25,2,0,4
BRDA:25,2,1,15
BRDA:43,3,0,4
BRDA:44,4,0,3
BRDA:44,4,1,1
BRDA:77,5,0,4
BRDA:81,6,0,4
BRDA:82,7,0,1
BRDA:82,7,1,3
BRDA:85,8,0,1
BRF:12
BRH:12
end_of_record
TN:
SF:src/pipe/lazy/concat.ts
FN:5,sync
FN:10,toAsyncIterable
FN:17,(anonymous_2)
FN:23,async
FN:29,(anonymous_4)
FN:32,(anonymous_5)
FN:71,concat
FN:76,(anonymous_7)
FNF:8
FNH:7
FNDA:6,sync
FNDA:4,toAsyncIterable
FNDA:1,(anonymous_2)
FNDA:2,async
FNDA:2,(anonymous_4)
FNDA:15,(anonymous_5)
FNDA:9,concat
FNDA:0,(anonymous_7)
DA:3,53
DA:6,6
DA:7,5
DA:11,4
DA:12,3
DA:15,1
DA:16,1
DA:18,1
DA:24,2
DA:25,2
DA:26,2
DA:28,2
DA:30,2
DA:33,15
DA:34,15
DA:35,15
DA:36,5
DA:37,2
DA:39,5
DA:41,10
DA:75,9
DA:76,1
DA:79,8
DA:80,2
DA:83,6
DA:84,6
DA:87,0
DA:90,53
LF:28
LH:27
BRDA:11,0,0,3
BRDA:33,1,0,7
BRDA:33,1,1,8
BRDA:35,2,0,5
BRDA:35,2,1,10
BRDA:36,3,0,2
BRDA:75,4,0,1
BRDA:79,5,0,2
BRDA:79,6,0,8
BRDA:79,6,1,7
BRDA:83,7,0,6
BRDA:83,8,0,6
BRDA:83,8,1,6
BRF:13
BRH:13
end_of_record
TN:
SF:src/pipe/lazy/concurrent.ts
FN:8,(anonymous_0)
FN:12,(anonymous_1)
FN:17,isConcurrent
FN:50,concurrent
FN:55,(anonymous_4)
FN:75,(anonymous_5)
FN:93,(anonymous_6)
FN:96,(anonymous_7)
FN:100,(anonymous_8)
FN:101,(anonymous_9)
FN:107,(anonymous_10)
FN:115,(anonymous_11)
FN:127,(anonymous_12)
FN:130,(anonymous_13)
FN:135,(anonymous_14)
FNF:15
FNH:15
FNDA:75,(anonymous_0)
FNDA:75,(anonymous_1)
FNDA:19,isConcurrent
FNDA:24,concurrent
FNDA:7,(anonymous_4)
FNDA:45,(anonymous_5)
FNDA:43,(anonymous_6)
FNDA:75,(anonymous_7)
FNDA:28,(anonymous_8)
FNDA:26,(anonymous_9)
FNDA:15,(anonymous_10)
FNDA:88,(anonymous_11)
FNDA:17,(anonymous_12)
FNDA:62,(anonymous_13)
FNDA:62,(anonymous_14)
DA:2,53
DA:4,53
DA:9,75
DA:13,75
DA:17,53
DA:18,19
DA:54,24
DA:55,7
DA:58,17
DA:59,0
DA:62,17
DA:63,0
DA:66,17
DA:67,17
DA:68,17
DA:69,17
DA:70,17
DA:71,17
DA:72,17
DA:73,17
DA:75,17
DA:76,45
DA:77,60
DA:78,60
DA:79,60
DA:80,56
DA:81,56
DA:82,56
DA:83,10
DA:86,4
DA:87,4
DA:88,4
DA:93,17
DA:94,43
DA:95,28
DA:96,75
DA:98,28
DA:99,28
DA:100,28
DA:102,26
DA:103,26
DA:104,26
DA:107,15
DA:108,15
DA:109,0
DA:115,17
DA:116,88
DA:117,0
DA:119,88
DA:120,45
DA:122,43
DA:126,17
DA:128,17
DA:131,62
DA:132,62
DA:133,0
DA:135,62
DA:136,62
DA:137,62
DA:143,53
LF:60
LH:55
BRDA:54,0,0,7
BRDA:58,1,0,0
BRDA:58,2,0,17
BRDA:58,2,1,17
BRDA:62,3,0,0
BRDA:76,4,0,101
BRDA:76,4,1,83
BRDA:79,5,0,56
BRDA:79,5,1,4
BRDA:82,6,0,10
BRDA:94,7,0,28
BRDA:94,7,1,15
BRDA:108,8,0,0
BRDA:108,9,0,15
BRDA:108,9,1,9
BRDA:116,10,0,0
BRDA:116,11,0,88
BRDA:116,11,1,88
BRDA:119,12,0,45
BRDA:119,12,1,43
BRDA:132,13,0,0
BRF:21
BRH:16
end_of_record
TN:
SF:src/pipe/lazy/entries.ts
FN:16,entries
FNF:1
FNH:1
FNDA:3,entries
DA:17,3
DA:18,9
DA:19,8
DA:24,53
LF:4
LH:4
BRDA:18,0,0,8
BRF:1
BRH:1
end_of_record
TN:
SF:src/pipe/lazy/filter.ts
FN:19,asyncSequential
FN:30,asyncConcurrent
FN:39,(anonymous_2)
FN:48,(anonymous_3)
FN:51,(anonymous_4)
FN:52,(anonymous_5)
FN:67,(anonymous_6)
FN:76,(anonymous_7)
FN:88,(anonymous_8)
FN:91,(anonymous_9)
FN:96,(anonymous_10)
FN:104,toFilterIterator
FN:110,(anonymous_12)
FN:113,(anonymous_13)
FN:125,(anonymous_14)
FN:135,async
FN:139,(anonymous_16)
FN:142,(anonymous_17)
FN:155,sync
FN:195,filter
FN:200,(anonymous_20)
FNF:21
FNH:19
FNDA:1,asyncSequential
FNDA:2,asyncConcurrent
FNDA:4,(anonymous_2)
FNDA:6,(anonymous_3)
FNDA:6,(anonymous_4)
FNDA:6,(anonymous_5)
FNDA:0,(anonymous_6)
FNDA:10,(anonymous_7)
FNDA:0,(anonymous_8)
FNDA:4,(anonymous_9)
FNDA:4,(anonymous_10)
FNDA:2,toFilterIterator
FNDA:2,(anonymous_12)
FNDA:6,(anonymous_13)
FNDA:6,(anonymous_14)
FNDA:3,async
FNDA:3,(anonymous_16)
FNDA:6,(anonymous_17)
FNDA:1,sync
FNDA:9,filter
FNDA:4,(anonymous_20)
DA:9,53
DA:17,53
DA:23,1
DA:24,4
DA:25,1
DA:31,2
DA:32,2
DA:33,2
DA:34,2
DA:35,2
DA:36,2
DA:37,2
DA:39,2
DA:40,4
DA:41,4
DA:42,4
DA:43,4
DA:44,4
DA:48,2
DA:49,6
DA:50,6
DA:51,6
DA:53,6
DA:54,0
DA:55,0
DA:56,0
DA:58,0
DA:59,0
DA:61,6
DA:62,6
DA:63,4
DA:65,6
DA:68,0
DA:69,0
DA:70,0
DA:71,0
DA:76,2
DA:77,10
DA:78,0
DA:80,10
DA:81,4
DA:83,6
DA:87,2
DA:89,0
DA:92,4
DA:93,4
DA:94,0
DA:96,4
DA:97,4
DA:98,4
DA:108,2
DA:109,2
DA:111,2
DA:114,6
DA:116,6
DA:117,0
DA:123,6
DA:126,6
DA:138,3
DA:140,3
DA:143,6
DA:144,3
DA:145,2
DA:147,1
DA:150,6
DA:156,1
DA:157,4
DA:159,4
DA:160,0
DA:163,4
DA:164,1
DA:199,9
DA:200,5
DA:203,4
DA:204,1
DA:207,3
DA:208,3
DA:211,0
DA:214,53
LF:79
LH:64
BRDA:24,0,0,1
BRDA:40,1,0,8
BRDA:40,1,1,4
BRDA:53,2,0,0
BRDA:62,3,0,4
BRDA:77,4,0,0
BRDA:77,5,0,10
BRDA:77,5,1,10
BRDA:80,6,0,4
BRDA:80,6,1,6
BRDA:93,7,0,0
BRDA:116,8,0,0
BRDA:143,9,0,3
BRDA:144,10,0,2
BRDA:144,10,1,1
BRDA:159,11,0,0
BRDA:163,12,0,1
BRDA:199,13,0,5
BRDA:203,14,0,1
BRDA:207,15,0,3
BRF:20
BRH:15
end_of_record
TN:
SF:src/pipe/lazy/flat.ts
FN:8,isFlatAble
FN:12,asyncSequential
FN:16,(anonymous_2)
FN:19,(anonymous_3)
FN:44,asyncConcurrent
FN:51,(anonymous_5)
FN:65,(anonymous_6)
FN:83,(anonymous_7)
FN:96,(anonymous_8)
FN:103,(anonymous_9)
FN:106,(anonymous_10)
FN:107,(anonymous_11)
FN:111,(anonymous_12)
FN:119,async
FN:122,(anonymous_14)
FN:130,(anonymous_15)
FN:136,sync
FN:141,(anonymous_17)
FN:144,(anonymous_18)
FN:199,flat
FNF:20
FNH:18
FNDA:66,isFlatAble
FNDA:3,asyncSequential
FNDA:0,(anonymous_2)
FNDA:39,(anonymous_3)
FNDA:3,asyncConcurrent
FNDA:7,(anonymous_5)
FNDA:17,(anonymous_6)
FNDA:10,(anonymous_7)
FNDA:2,(anonymous_8)
FNDA:0,(anonymous_9)
FNDA:12,(anonymous_10)
FNDA:12,(anonymous_11)
FNDA:12,(anonymous_12)
FNDA:6,async
FNDA:36,(anonymous_14)
FNDA:6,(anonymous_15)
FNDA:8,sync
FNDA:8,(anonymous_17)
FNDA:54,(anonymous_18)
FNDA:9,flat
DA:2,53
DA:3,53
DA:4,53
DA:5,53
DA:6,53
DA:9,66
DA:13,3
DA:14,3
DA:15,3
DA:17,0
DA:20,39
DA:21,39
DA:22,3
DA:25,36
DA:26,36
DA:27,9
DA:28,9
DA:31,27
DA:32,6
DA:33,6
DA:36,21
DA:45,3
DA:46,3
DA:47,3
DA:48,3
DA:49,3
DA:51,3
DA:52,7
DA:53,5
DA:54,0
DA:57,5
DA:58,5
DA:60,0
DA:62,5
DA:65,3
DA:66,17
DA:67,3
DA:70,14
DA:71,14
DA:72,7
DA:73,5
DA:74,5
DA:77,0
DA:80,7
DA:83,3
DA:84,10
DA:85,3
DA:86,3
DA:87,3
DA:89,3
DA:92,7
DA:93,7
DA:96,3
DA:97,2
DA:98,2
DA:99,2
DA:102,3
DA:104,0
DA:107,12
DA:108,12
DA:110,12
DA:111,12
DA:121,6
DA:123,36
DA:124,6
DA:128,36
DA:131,6
DA:137,8
DA:138,8
DA:140,8
DA:142,8
DA:145,54
DA:146,54
DA:147,7
DA:150,47
DA:151,47
DA:152,13
DA:153,13
DA:156,34
DA:157,6
DA:158,6
DA:161,28
DA:200,9
DA:201,3
DA:204,6
DA:205,6
DA:208,0
DA:211,53
LF:88
LH:82
BRDA:9,0,0,66
BRDA:9,0,1,66
BRDA:21,1,0,3
BRDA:26,2,0,9
BRDA:31,3,0,6
BRDA:31,4,0,27
BRDA:31,4,1,6
BRDA:53,5,0,0
BRDA:57,6,0,5
BRDA:57,6,1,0
BRDA:66,7,0,3
BRDA:71,8,0,7
BRDA:73,9,0,5
BRDA:84,10,0,3
BRDA:84,11,0,10
BRDA:84,11,1,7
BRDA:123,12,0,6
BRDA:124,13,0,3
BRDA:124,13,1,3
BRDA:146,14,0,7
BRDA:151,15,0,13
BRDA:156,16,0,6
BRDA:156,17,0,34
BRDA:156,17,1,6
BRDA:199,18,0,6
BRDA:200,19,0,3
BRDA:204,20,0,6
BRF:27
BRH:25
end_of_record
TN:
SF:src/pipe/lazy/index.ts
FNF:0
FNH:0
DA:1,53
DA:2,53
DA:3,53
DA:4,53
DA:5,53
DA:6,53
DA:7,53
DA:8,53
DA:9,53
DA:10,53
DA:11,53
DA:12,53
DA:13,53
DA:14,53
LF:14
LH:14
BRF:0
BRH:0
end_of_record
TN:
SF:src/pipe/lazy/keys.ts
FN:14,keys
FNF:1
FNH:1
FNDA:1,keys
DA:15,1
DA:16,3
DA:17,3
DA:22,53
LF:4
LH:4
BRDA:16,0,0,3
BRF:1
BRH:1
end_of_record
TN:
SF:src/pipe/lazy/map.ts
FN:4,sync
FN:8,(anonymous_1)
FN:27,(anonymous_2)
FN:33,async
FN:37,(anonymous_4)
FN:49,(anonymous_5)
FN:75,map
FN:80,(anonymous_7)
FNF:8
FNH:8
FNDA:12,sync
FNDA:38,(anonymous_1)
FNDA:11,(anonymous_2)
FNDA:17,async
FNDA:66,(anonymous_4)
FNDA:17,(anonymous_5)
FNDA:49,map
FNDA:18,(anonymous_7)
DA:2,53
DA:5,12
DA:7,12
DA:9,38
DA:10,38
DA:11,8
DA:17,30
DA:18,30
DA:19,1
DA:22,29
DA:28,11
DA:34,17
DA:36,17
DA:38,66
DA:39,65
DA:40,14
DA:42,51
DA:44,51
DA:50,17
DA:79,49
DA:80,19
DA:83,30
DA:84,12
DA:87,18
DA:88,17
DA:91,1
DA:94,53
LF:27
LH:27
BRDA:10,0,0,8
BRDA:18,1,0,1
BRDA:39,2,0,14
BRDA:46,3,0,25
BRDA:46,3,1,26
BRDA:79,4,0,19
BRDA:83,5,0,12
BRDA:87,6,0,17
BRF:8
BRH:8
end_of_record
TN:
SF:src/pipe/lazy/peek.ts
FN:38,peek
FN:47,(anonymous_1)
FNF:2
FNH:2
FNDA:10,peek
FNDA:5,(anonymous_1)
DA:2,53
DA:3,53
DA:4,53
DA:46,10
DA:47,5
DA:50,5
DA:51,3
DA:54,2
DA:55,2
DA:58,0
DA:61,53
LF:11
LH:10
BRDA:46,0,0,5
BRDA:50,1,0,3
BRDA:54,2,0,2
BRF:3
BRH:3
end_of_record
TN:
SF:src/pipe/lazy/range.ts
FN:19,range
FNF:1
FNH:1
FNDA:25,range
DA:20,25
DA:21,9
DA:23,16
DA:24,1
DA:26,15
DA:27,2
DA:28,4
DA:29,4
DA:32,13
DA:33,35
DA:34,30
DA:39,53
LF:12
LH:12
BRDA:19,0,0,11
BRDA:20,1,0,9
BRDA:21,2,0,8
BRDA:21,2,1,1
BRDA:23,3,0,1
BRDA:23,4,0,16
BRDA:23,4,1,2
BRDA:26,5,0,2
BRDA:26,5,1,13
BRF:9
BRH:9
end_of_record
TN:
SF:src/pipe/lazy/take.ts
FN:4,sync
FN:16,async
FN:19,(anonymous_2)
FN:22,(anonymous_3)
FN:50,take
FN:62,(anonymous_5)
FNF:6
FNH:6
FNDA:1,sync
FNDA:3,async
FNDA:3,(anonymous_2)
FNDA:11,(anonymous_3)
FNDA:8,take
FNDA:2,(anonymous_5)
DA:2,53
DA:5,1
DA:6,1
DA:7,2
DA:8,2
DA:9,2
DA:10,0
DA:12,2
DA:17,3
DA:18,3
DA:20,3
DA:23,11
DA:24,4
DA:26,7
DA:57,8
DA:58,2
DA:61,6
DA:62,2
DA:65,4
DA:66,1
DA:69,3
DA:70,3
DA:73,0
DA:76,53
LF:24
LH:22
BRDA:9,0,0,0
BRDA:23,1,0,4
BRDA:57,2,0,2
BRDA:61,3,0,2
BRDA:65,4,0,1
BRDA:69,5,0,3
BRF:6
BRH:5
end_of_record
TN:
SF:src/pipe/lazy/takeUntil.ts
FN:5,sync
FN:19,asyncSequential
FN:27,(anonymous_2)
FN:30,(anonymous_3)
FN:53,async
FN:56,(anonymous_5)
FN:59,(anonymous_6)
FN:91,takeUntil
FN:96,(anonymous_8)
FNF:9
FNH:8
FNDA:7,sync
FNDA:6,asyncSequential
FNDA:0,(anonymous_2)
FNDA:22,(anonymous_3)
FNDA:6,async
FNDA:6,(anonymous_5)
FNDA:22,(anonymous_6)
FNDA:26,takeUntil
FNDA:12,(anonymous_8)
DA:2,53
DA:3,53
DA:6,7
DA:7,15
DA:9,15
DA:10,15
DA:11,0
DA:13,15
DA:14,3
DA:23,6
DA:24,6
DA:26,6
DA:28,0
DA:31,22
DA:32,3
DA:35,19
DA:36,19
DA:37,2
DA:40,17
DA:41,17
DA:42,0
DA:44,17
DA:45,3
DA:48,17
DA:55,6
DA:57,6
DA:60,22
DA:61,6
DA:62,1
DA:64,5
DA:67,22
DA:95,26
DA:96,13
DA:99,13
DA:100,7
DA:103,6
DA:104,6
DA:107,0
DA:110,53
LF:39
LH:35
BRDA:10,0,0,0
BRDA:13,1,0,3
BRDA:31,2,0,3
BRDA:36,3,0,2
BRDA:36,4,0,19
BRDA:36,4,1,17
BRDA:41,5,0,0
BRDA:44,6,0,3
BRDA:60,7,0,6
BRDA:61,8,0,1
BRDA:61,8,1,5
BRDA:95,9,0,13
BRDA:99,10,0,7
BRDA:103,11,0,6
BRF:14
BRH:12
end_of_record
TN:
SF:src/pipe/lazy/toAsync.ts
FN:17,toAsync
FN:20,(anonymous_1)
FN:23,(anonymous_2)
FN:28,(anonymous_3)
FNF:4
FNH:4
FNDA:36,toAsync
FNDA:150,(anonymous_1)
FNDA:21,(anonymous_2)
FNDA:36,(anonymous_3)
DA:1,53
DA:17,53
DA:18,36
DA:19,36
DA:21,150
DA:22,149
DA:23,21
DA:25,128
DA:29,36
LF:9
LH:9
BRDA:22,0,0,21
BRDA:22,0,1,128
BRF:2
BRH:2
end_of_record
TN:
SF:src/pipe/lazy/values.ts
FN:14,values
FNF:1
FNH:1
FNDA:1,values
DA:15,1
DA:16,3
DA:17,3
DA:22,53
LF:4
LH:4
BRDA:16,0,0,3
BRF:1
BRH:1
end_of_record
TN:
SF:src/pipe/strict/add.ts
FN:13,sync
FN:25,async
FN:55,add
FN:60,(anonymous_3)
FNF:4
FNH:3
FNDA:3,sync
FNDA:1,async
FNDA:3,add
FNDA:0,(anonymous_3)
DA:2,53
DA:3,53
DA:4,53
DA:14,3
DA:15,2
DA:18,1
DA:19,1
DA:22,0
DA:26,1
DA:59,3
DA:60,0
DA:63,3
DA:64,1
DA:67,2
DA:70,53
LF:15
LH:13
BRDA:14,0,0,2
BRDA:14,1,0,3
BRDA:14,1,1,2
BRDA:18,2,0,1
BRDA:18,3,0,1
BRDA:18,3,1,1
BRDA:59,4,0,0
BRDA:63,5,0,1
BRDA:63,6,0,3
BRDA:63,6,1,2
BRF:10
BRH:9
end_of_record
TN:
SF:src/pipe/strict/always.ts
FN:11,always
FN:12,(anonymous_1)
FNF:2
FNH:2
FNDA:1,always
FNDA:1,(anonymous_1)
DA:12,1
DA:15,53
LF:2
LH:2
BRF:0
BRH:0
end_of_record
TN:
SF:src/pipe/strict/apply.ts
FN:17,apply
FN:22,(anonymous_1)
FNF:2
FNH:1
FNDA:2,apply
FNDA:0,(anonymous_1)
DA:21,2
DA:22,1
DA:24,1
DA:28,53
LF:4
LH:4
BRDA:21,0,0,1
BRDA:21,0,1,1
BRF:2
BRH:2
end_of_record
TN:
SF:src/pipe/strict/consume.ts
FN:5,sync
FN:15,async
FN:36,consume
FNF:3
FNH:3
FNDA:3,sync
FNDA:2,async
FNDA:5,consume
DA:2,53
DA:3,53
DA:6,3
DA:8,3
DA:9,11
DA:10,2
DA:16,2
DA:17,2
DA:18,7
DA:19,1
DA:37,5
DA:38,3
DA:41,2
DA:42,2
DA:45,0
DA:48,53
LF:16
LH:15
BRDA:9,0,0,2
BRDA:18,1,0,1
BRDA:36,2,0,3
BRDA:37,3,0,3
BRDA:41,4,0,2
BRF:5
BRH:5
end_of_record
TN:
SF:src/pipe/strict/delay.ts
FN:18,delay
FN:19,(anonymous_1)
FN:23,(anonymous_2)
FNF:3
FNH:3
FNDA:29,delay
FNDA:29,(anonymous_1)
FNDA:22,(anonymous_2)
DA:2,53
DA:19,29
DA:20,29
DA:21,1
DA:23,29
DA:24,22
DA:29,53
LF:7
LH:7
BRDA:20,0,0,1
BRF:1
BRH:1
end_of_record
TN:
SF:src/pipe/strict/each.ts
FN:4,sync
FN:10,async
FN:37,each
FN:44,(anonymous_3)
FNF:4
FNH:4
FNDA:2,sync
FNDA:5,async
FNDA:9,each
FNDA:2,(anonymous_3)
DA:2,53
DA:5,2
DA:6,7
DA:11,5
DA:12,9
DA:13,9
DA:14,3
DA:43,9
DA:44,2
DA:47,7
DA:48,2
DA:51,5
DA:52,5
DA:55,0
DA:58,53
LF:15
LH:14
BRDA:13,0,0,3
BRDA:43,1,0,2
BRDA:47,2,0,2
BRDA:51,3,0,5
BRF:4
BRH:4
end_of_record
TN:
SF:src/pipe/strict/every.ts
FN:38,every
FN:43,(anonymous_1)
FN:51,(anonymous_2)
FN:52,(anonymous_3)
FNF:4
FNH:3
FNDA:6,every
FNDA:0,(anonymous_1)
FNDA:8,(anonymous_2)
FNDA:5,(anonymous_3)
DA:8,53
DA:9,53
DA:10,53
DA:11,53
DA:12,53
DA:13,53
DA:42,6
DA:43,1
DA:46,5
DA:47,5
DA:51,8
DA:52,5
DA:57,0
DA:60,53
LF:14
LH:13
BRDA:42,0,0,1
BRDA:46,1,0,5
BRDA:46,2,0,5
BRDA:46,2,1,2
BRDA:51,3,0,8
BRDA:51,3,1,8
BRDA:52,4,0,5
BRDA:52,4,1,1
BRF:8
BRH:8
end_of_record
TN:
SF:src/pipe/strict/gt.ts
FN:18,gt
FN:20,(anonymous_1)
FNF:2
FNH:2
FNDA:6,gt
FNDA:1,(anonymous_1)
DA:19,6
DA:20,1
DA:23,5
DA:28,4
DA:31,1
DA:34,53
LF:6
LH:6
BRDA:19,0,0,1
BRDA:23,1,0,4
BRDA:24,2,0,5
BRDA:24,2,1,3
BRDA:24,2,2,3
BRDA:24,2,3,1
BRDA:24,2,4,2
BRDA:24,2,5,1
BRF:8
BRH:8
end_of_record
TN:
SF:src/pipe/strict/identity.ts
FN:11,identity
FNF:1
FNH:1
FNDA:13,identity
DA:12,13
DA:15,53
LF:2
LH:2
BRF:0
BRH:0
end_of_record
TN:
SF:src/pipe/strict/index.ts
FNF:0
FNH:0
DA:1,53
DA:2,53
DA:3,53
DA:4,53
DA:5,53
DA:6,53
DA:7,53
DA:8,53
DA:9,53
DA:10,53
DA:11,53
DA:12,53
DA:13,53
DA:14,53
DA:15,53
DA:16,53
DA:17,53
DA:18,53
DA:19,53
DA:20,53
DA:21,53
DA:22,53
DA:23,53
DA:24,53
DA:25,53
DA:26,53
DA:27,53
DA:28,53
LF:28
LH:28
BRF:0
BRH:0
end_of_record
TN:
SF:src/pipe/strict/isArray.ts
FN:14,isArray
FNF:1
FNH:1
FNDA:105,isArray
DA:15,105
DA:18,53
LF:2
LH:2
BRF:0
BRH:0
end_of_record
TN:
SF:src/pipe/strict/isBoolean.ts
FN:14,isBoolean
FNF:1
FNH:1
FNDA:3,isBoolean
DA:15,3
DA:18,53
LF:2
LH:2
BRF:0
BRH:0
end_of_record
TN:
SF:src/pipe/strict/isEmpty.ts
FN:24,isEmpty
FNF:1
FNH:1
FNDA:10,isEmpty
DA:1,53
DA:2,53
DA:25,10
DA:27,8
DA:32,1
DA:35,7
DA:37,6
DA:39,5
DA:42,53
LF:9
LH:9
BRDA:25,0,0,2
BRDA:27,1,0,1
BRDA:28,2,0,8
BRDA:28,2,1,3
BRDA:28,2,2,1
BRDA:35,3,0,1
BRDA:35,4,0,7
BRDA:35,4,1,1
BRDA:37,5,0,1
BRF:9
BRH:9
end_of_record
TN:
SF:src/pipe/strict/isFunction.ts
FN:14,isFunction
FNF:1
FNH:1
FNDA:2,isFunction
DA:15,2
DA:18,53
LF:2
LH:2
BRF:0
BRH:0
end_of_record
TN:
SF:src/pipe/strict/isNil.ts
FN:17,isNil
FNF:1
FNH:1
FNDA:13,isNil
DA:2,53
DA:3,53
DA:18,13
DA:21,53
LF:4
LH:4
BRDA:18,0,0,13
BRDA:18,0,1,11
BRF:2
BRH:2
end_of_record
TN:
SF:src/pipe/strict/isNull.ts
FN:15,isNull
FNF:1
FNH:1
FNDA:15,isNull
DA:16,15
DA:19,53
LF:2
LH:2
BRF:0
BRH:0
end_of_record
TN:
SF:src/pipe/strict/isNumber.ts
FN:14,isNumber
FNF:1
FNH:1
FNDA:7,isNumber
DA:15,7
DA:18,53
LF:2
LH:2
BRF:0
BRH:0
end_of_record
TN:
SF:src/pipe/strict/isObject.ts
FN:17,isObject
FNF:1
FNH:1
FNDA:5,isObject
DA:18,5
DA:19,5
DA:22,53
LF:3
LH:3
BRDA:19,0,0,5
BRDA:19,0,1,4
BRDA:19,0,2,2
BRF:3
BRH:3
end_of_record
TN:
SF:src/pipe/strict/isString.ts
FN:14,isString
FNF:1
FNH:1
FNDA:6,isString
DA:15,6
DA:18,53
LF:2
LH:2
BRF:0
BRH:0
end_of_record
TN:
SF:src/pipe/strict/isUndefined.ts
FN:15,isUndefined
FNF:1
FNH:1
FNDA:13,isUndefined
DA:16,13
DA:19,53
LF:2
LH:2
BRF:0
BRH:0
end_of_record
TN:
SF:src/pipe/strict/last.ts
FN:47,last
FN:52,(anonymous_1)
FNF:2
FNH:2
FNDA:96,last
FNDA:8,(anonymous_1)
DA:2,53
DA:3,53
DA:4,53
DA:5,53
DA:48,96
DA:49,94
DA:51,2
DA:52,8
DA:55,0
DA:58,53
LF:10
LH:9
BRDA:48,0,0,94
BRDA:48,1,0,96
BRDA:48,1,1,2
BRDA:51,2,0,2
BRDA:51,3,0,2
BRDA:51,3,1,1
BRF:6
BRH:6
end_of_record
TN:
SF:src/pipe/strict/max.ts
FN:4,sync
FN:17,async
FN:42,max
FNF:3
FNH:3
FNDA:4,sync
FNDA:2,async
FNDA:6,max
DA:2,53
DA:5,4
DA:6,4
DA:7,7
DA:8,1
DA:10,6
DA:11,6
DA:14,3
DA:18,2
DA:19,2
DA:20,3
DA:21,0
DA:23,3
DA:24,3
DA:27,2
DA:43,6
DA:44,4
DA:46,2
DA:47,2
DA:50,0
DA:53,53
LF:21
LH:19
BRDA:7,0,0,1
BRDA:10,1,0,6
BRDA:10,2,0,6
BRDA:10,2,1,3
BRDA:20,3,0,0
BRDA:23,4,0,3
BRDA:23,5,0,3
BRDA:23,5,1,2
BRDA:43,6,0,4
BRDA:46,7,0,2
BRF:10
BRH:9
end_of_record
TN:
SF:src/pipe/strict/not.ts
FN:11,not
FNF:1
FNH:1
FNDA:20,not
DA:12,20
DA:15,53
LF:2
LH:2
BRF:0
BRH:0
end_of_record
TN:
SF:src/pipe/strict/pipe.ts
FN:337,pipe
FNF:1
FNH:1
FNDA:30,pipe
DA:2,53
DA:3,53
DA:338,30
DA:339,30
DA:342,53
LF:5
LH:5
BRF:0
BRH:0
end_of_record
TN:
SF:src/pipe/strict/reduce.ts
FN:16,sync
FN:24,async
FN:31,(anonymous_2)
FN:79,reduce
FN:88,(anonymous_4)
FN:98,(anonymous_5)
FN:106,(anonymous_6)
FN:111,(anonymous_7)
FNF:8
FNH:8
FNDA:39,sync
FNDA:9,async
FNDA:23,(anonymous_2)
FNDA:63,reduce
FNDA:13,(anonymous_4)
FNDA:7,(anonymous_5)
FNDA:9,(anonymous_6)
FNDA:9,(anonymous_7)
DA:9,53
DA:17,39
DA:18,39
DA:19,137
DA:21,39
DA:29,9
DA:30,9
DA:31,23
DA:33,9
DA:86,63
DA:87,31
DA:88,13
DA:91,18
DA:92,9
DA:93,9
DA:94,9
DA:95,2
DA:97,7
DA:99,7
DA:104,9
DA:105,9
DA:106,9
DA:107,9
DA:108,0
DA:110,9
DA:112,9
DA:118,0
DA:121,32
DA:122,32
DA:125,0
DA:126,0
DA:129,0
DA:132,53
LF:33
LH:28
BRDA:86,0,0,31
BRDA:87,1,0,13
BRDA:91,2,0,9
BRDA:94,3,0,2
BRDA:104,4,0,9
BRDA:107,5,0,0
BRDA:121,6,0,32
BRDA:125,7,0,0
BRF:8
BRH:6
end_of_record
TN:
SF:src/pipe/strict/size.ts
FN:5,sync
FN:7,(anonymous_1)
FN:11,async
FN:13,(anonymous_3)
FN:27,size
FNF:5
FNH:5
FNDA:1,sync
FNDA:2,(anonymous_1)
FNDA:1,async
FNDA:3,(anonymous_3)
FNDA:2,size
DA:2,53
DA:3,53
DA:6,1
DA:7,2
DA:8,1
DA:12,1
DA:13,3
DA:14,1
DA:28,2
DA:29,1
DA:32,1
DA:33,1
DA:36,0
DA:39,53
LF:14
LH:13
BRDA:28,0,0,1
BRDA:32,1,0,1
BRF:2
BRH:2
end_of_record
TN:
SF:src/pipe/strict/some.ts
FN:38,some
FN:43,(anonymous_1)
FN:51,(anonymous_2)
FNF:3
FNH:2
FNDA:6,some
FNDA:0,(anonymous_1)
FNDA:8,(anonymous_2)
DA:8,53
DA:9,53
DA:10,53
DA:11,53
DA:12,53
DA:13,53
DA:42,6
DA:43,1
DA:46,5
DA:47,5
DA:51,8
DA:56,0
DA:59,53
LF:13
LH:12
BRDA:42,0,0,1
BRDA:46,1,0,5
BRDA:46,2,0,5
BRDA:46,2,1,2
BRDA:51,3,0,8
BRDA:51,3,1,8
BRF:6
BRH:6
end_of_record
TN:
SF:src/pipe/strict/tap.ts
FN:22,tap
FN:24,(anonymous_1)
FN:29,(anonymous_2)
FNF:3
FNH:3
FNDA:23,tap
FNDA:15,(anonymous_1)
FNDA:1,(anonymous_2)
DA:2,53
DA:23,23
DA:24,15
DA:27,17
DA:29,17
DA:32,53
LF:6
LH:6
BRDA:23,0,0,6
BRDA:27,1,0,1
BRDA:27,1,1,16
BRDA:29,2,0,1
BRDA:29,2,1,16
BRF:5
BRH:5
end_of_record
TN:
SF:src/pipe/strict/toArray.ts
FN:4,async
FN:29,toArray
FNF:2
FNH:2
FNDA:13,async
FNDA:17,toArray
DA:2,53
DA:5,13
DA:6,13
DA:7,53
DA:9,11
DA:30,17
DA:31,13
DA:32,4
DA:33,4
DA:36,0
DA:39,53
LF:11
LH:10
BRDA:30,0,0,13
BRDA:30,0,1,4
BRDA:32,1,0,4
BRF:3
BRH:3
end_of_record
