TN:
SF:/home/runner/work/fx-flow/fx-flow/packages/core/src/index.ts
FNF:0
FNH:0
DA:1,60
DA:2,60
DA:4,60
LF:3
LH:3
BRF:0
BRH:0
end_of_record
TN:
SF:/home/runner/work/fx-flow/fx-flow/packages/core/src/utils.ts
FN:3,isPromise
FN:20,isIterable
FN:24,isAsyncIterable
FN:28,call
FN:36,(anonymous_4)
FN:42,(anonymous_5)
FN:48,(anonymous_6)
FN:53,toStr
FN:57,empty
FNF:9
FNH:8
FNDA:724,isPromise
FNDA:314,isIterable
FNDA:149,isAsyncIterable
FNDA:184,call
FNDA:3,(anonymous_4)
FNDA:1,(anonymous_5)
FNDA:0,(anonymous_6)
FNDA:9,toStr
FNDA:3,empty
DA:3,60
DA:4,724
DA:5,102
DA:8,622
DA:14,0
DA:17,622
DA:20,60
DA:21,314
DA:24,60
DA:25,149
DA:28,60
DA:32,184
DA:35,60
DA:37,3
DA:41,60
DA:43,1
DA:47,60
DA:49,0
DA:53,60
DA:54,9
DA:57,60
LF:21
LH:19
BRDA:4,0,0,102
BRDA:8,1,0,0
BRDA:9,2,0,622
BRDA:9,2,1,622
BRDA:9,2,2,239
BRDA:9,2,3,0
BRDA:21,3,0,0
BRDA:21,3,1,314
BRDA:21,4,0,314
BRDA:21,4,1,314
BRDA:25,5,0,0
BRDA:25,5,1,149
BRDA:25,6,0,149
BRDA:25,6,1,149
BRDA:32,7,0,8
BRDA:32,7,1,176
BRF:16
BRH:12
end_of_record
TN:
SF:/home/runner/work/fx-flow/fx-flow/packages/core/src/flow/andThen.ts
FN:26,andThen
FN:31,(anonymous_1)
FN:37,(anonymous_2)
FNF:3
FNH:3
FNDA:37,andThen
FNDA:12,(anonymous_1)
FNDA:4,(anonymous_2)
DA:2,60
DA:4,60
DA:30,37
DA:31,18
DA:34,19
DA:35,14
DA:36,14
DA:37,4
DA:38,4
DA:39,0
DA:41,4
DA:44,10
DA:45,2
DA:47,8
DA:51,5
DA:54,60
LF:16
LH:15
BRDA:30,0,0,18
BRDA:34,1,0,14
BRDA:36,2,0,4
BRDA:36,2,1,10
BRDA:38,3,0,0
BRDA:44,4,0,2
BRF:6
BRH:5
end_of_record
TN:
SF:/home/runner/work/fx-flow/fx-flow/packages/core/src/flow/anyway.ts
FN:31,(anonymous_1)
FN:40,(anonymous_2)
FNF:2
FNH:2
FNDA:3,(anonymous_1)
FNDA:2,(anonymous_2)
DA:2,60
DA:30,16
DA:31,6
DA:34,10
DA:35,6
DA:39,6
DA:40,2
DA:41,2
DA:42,0
DA:44,2
DA:47,4
DA:48,1
DA:50,3
DA:54,4
DA:60,60
LF:15
LH:14
BRDA:30,0,0,6
BRDA:34,1,0,6
BRDA:39,2,0,2
BRDA:39,2,1,4
BRDA:41,3,0,0
BRDA:47,4,0,1
BRF:6
BRH:5
end_of_record
TN:
SF:/home/runner/work/fx-flow/fx-flow/packages/core/src/flow/errThen.ts
FN:23,errThen
FN:28,(anonymous_1)
FN:34,(anonymous_2)
FNF:3
FNH:2
FNDA:14,errThen
FNDA:2,(anonymous_1)
FNDA:0,(anonymous_2)
DA:2,60
DA:4,60
DA:27,14
DA:28,5
DA:31,9
DA:32,4
DA:33,3
DA:34,0
DA:36,3
DA:39,5
DA:42,60
LF:11
LH:10
BRDA:27,0,0,5
BRDA:31,1,0,4
BRDA:33,2,0,0
BRF:3
BRH:2
end_of_record
TN:
SF:/home/runner/work/fx-flow/fx-flow/packages/core/src/flow/errThenEnd.ts
FN:27,errThenEnd
FN:33,(anonymous_1)
FN:44,(anonymous_2)
FNF:3
FNH:3
FNDA:19,errThenEnd
FNDA:9,(anonymous_1)
FNDA:1,(anonymous_2)
DA:2,60
DA:4,60
DA:32,19
DA:33,10
DA:36,9
DA:37,0
DA:40,9
DA:41,3
DA:42,3
DA:43,3
DA:44,1
DA:46,2
DA:49,6
DA:52,60
LF:14
LH:13
BRDA:32,0,0,10
BRDA:36,1,0,0
BRDA:40,2,0,3
BRDA:43,3,0,1
BRF:4
BRH:3
end_of_record
TN:
SF:/home/runner/work/fx-flow/fx-flow/packages/core/src/flow/flow.ts
FN:581,flow
FN:587,(anonymous_1)
FN:599,(anonymous_2)
FN:609,(anonymous_3)
FN:614,(anonymous_4)
FN:624,(anonymous_5)
FN:628,(anonymous_6)
FN:646,log
FNF:8
FNH:6
FNDA:33,flow
FNDA:8,(anonymous_1)
FNDA:73,(anonymous_2)
FNDA:3,(anonymous_3)
FNDA:0,(anonymous_4)
FNDA:9,(anonymous_5)
FNDA:0,(anonymous_6)
FNDA:40,log
DA:2,60
DA:4,60
DA:582,33
DA:583,33
DA:587,33
DA:589,8
DA:591,8
DA:592,8
DA:596,33
DA:597,33
DA:599,33
DA:600,73
DA:601,32
DA:604,41
DA:605,41
DA:607,41
DA:608,4
DA:610,3
DA:611,3
DA:612,3
DA:615,0
DA:616,0
DA:619,37
DA:620,37
DA:621,37
DA:622,36
DA:623,9
DA:625,9
DA:626,9
DA:629,0
DA:630,0
DA:633,27
DA:634,27
DA:637,1
DA:638,1
DA:643,33
DA:647,40
DA:648,37
DA:650,3
DA:651,1
DA:652,1
DA:654,2
DA:655,1
DA:656,1
DA:658,0
DA:660,1
DA:664,60
LF:47
LH:42
BRDA:591,0,0,8
BRDA:591,1,0,8
BRDA:591,1,1,8
BRDA:600,2,0,32
BRDA:600,3,0,73
BRDA:600,3,1,70
BRDA:607,4,0,4
BRDA:607,4,1,37
BRDA:622,5,0,9
BRDA:622,5,1,27
BRDA:647,6,0,37
BRDA:650,7,0,1
BRDA:650,8,0,3
BRDA:650,8,1,2
BRDA:654,9,0,1
BRDA:655,10,0,1
BRDA:655,10,1,0
BRF:17
BRH:16
end_of_record
TN:
SF:/home/runner/work/fx-flow/fx-flow/packages/core/src/flow/ifThen.ts
FN:38,ifThen
FN:44,(anonymous_1)
FN:54,(anonymous_2)
FNF:3
FNH:1
FNDA:9,ifThen
FNDA:0,(anonymous_1)
FNDA:0,(anonymous_2)
DA:2,60
DA:4,60
DA:43,9
DA:44,3
DA:47,6
DA:48,2
DA:51,4
DA:52,2
DA:53,2
DA:54,0
DA:56,2
DA:59,2
DA:62,60
LF:13
LH:12
BRDA:43,0,0,3
BRDA:47,1,0,2
BRDA:51,2,0,2
BRDA:53,3,0,0
BRF:4
BRH:3
end_of_record
TN:
SF:/home/runner/work/fx-flow/fx-flow/packages/core/src/flow/index.ts
FNF:0
FNH:0
DA:1,60
DA:2,60
DA:3,60
DA:4,60
DA:5,60
DA:6,60
DA:7,60
DA:8,60
DA:9,60
DA:10,60
DA:11,60
DA:12,60
DA:13,60
DA:14,60
DA:15,60
LF:15
LH:15
BRF:0
BRH:0
end_of_record
TN:
SF:/home/runner/work/fx-flow/fx-flow/packages/core/src/flow/inject.ts
FN:21,inject
FN:26,(anonymous_1)
FN:31,(anonymous_2)
FN:37,(anonymous_3)
FNF:4
FNH:3
FNDA:10,inject
FNDA:3,(anonymous_1)
FNDA:0,(anonymous_2)
FNDA:2,(anonymous_3)
DA:2,60
DA:25,10
DA:26,4
DA:30,6
DA:31,0
DA:33,6
DA:36,6
DA:37,2
DA:39,4
DA:42,60
LF:10
LH:9
BRDA:25,0,0,4
BRDA:30,1,0,0
BRDA:30,1,1,6
BRDA:36,2,0,2
BRF:4
BRH:3
end_of_record
TN:
SF:/home/runner/work/fx-flow/fx-flow/packages/core/src/flow/inspect.ts
FN:32,inspect
FN:37,(anonymous_1)
FN:54,(anonymous_2)
FNF:3
FNH:3
FNDA:8,inspect
FNDA:2,(anonymous_1)
FNDA:1,(anonymous_2)
DA:2,60
DA:4,60
DA:36,8
DA:37,3
DA:41,5
DA:42,3
DA:47,2
DA:53,5
DA:54,1
DA:57,4
DA:60,60
LF:11
LH:11
BRDA:36,0,0,3
BRDA:41,1,0,3
BRDA:41,1,1,2
BRDA:53,2,0,1
BRDA:54,3,0,1
BRDA:54,3,1,0
BRDA:57,4,0,2
BRDA:57,4,1,2
BRF:8
BRH:7
end_of_record
TN:
SF:/home/runner/work/fx-flow/fx-flow/packages/core/src/flow/into.ts
FN:23,into
FN:25,(anonymous_1)
FN:31,(anonymous_2)
FNF:3
FNH:3
FNDA:7,into
FNDA:2,(anonymous_1)
FNDA:1,(anonymous_2)
DA:2,60
DA:4,60
DA:24,7
DA:25,3
DA:28,4
DA:29,3
DA:30,3
DA:31,1
DA:33,2
DA:37,1
DA:40,60
LF:11
LH:11
BRDA:24,0,0,3
BRDA:28,1,0,3
BRDA:30,2,0,1
BRDA:30,2,1,2
BRF:4
BRH:4
end_of_record
TN:
SF:/home/runner/work/fx-flow/fx-flow/packages/core/src/flow/log.ts
FN:20,log
FN:26,(anonymous_1)
FNF:2
FNH:2
FNDA:11,log
FNDA:5,(anonymous_1)
DA:2,60
DA:25,11
DA:26,6
DA:29,5
DA:30,0
DA:33,5
DA:37,5
DA:40,60
LF:8
LH:7
BRDA:25,0,0,6
BRDA:29,1,0,0
BRF:2
BRH:1
end_of_record
TN:
SF:/home/runner/work/fx-flow/fx-flow/packages/core/src/flow/mapErr.ts
FN:21,mapErr
FN:26,(anonymous_1)
FN:32,(anonymous_2)
FNF:3
FNH:3
FNDA:9,mapErr
FNDA:2,(anonymous_1)
FNDA:1,(anonymous_2)
DA:2,60
DA:4,60
DA:25,9
DA:26,4
DA:29,5
DA:30,3
DA:31,3
DA:32,1
DA:34,2
DA:37,2
DA:40,60
LF:11
LH:11
BRDA:25,0,0,4
BRDA:29,1,0,3
BRDA:31,2,0,1
BRF:3
BRH:3
end_of_record
TN:
SF:/home/runner/work/fx-flow/fx-flow/packages/core/src/flow/result.ts
FN:19,(anonymous_7)
FN:32,(anonymous_8)
FN:40,(anonymous_9)
FN:48,(anonymous_10)
FN:56,(anonymous_11)
FN:63,(anonymous_12)
FN:71,(anonymous_13)
FN:79,(anonymous_14)
FN:87,(anonymous_15)
FN:100,(anonymous_16)
FN:106,(anonymous_18)
FN:107,(anonymous_19)
FN:113,(anonymous_20)
FN:118,(anonymous_21)
FN:123,(anonymous_22)
FN:129,err
FN:138,ok
FNF:17
FNH:17
FNDA:204,(anonymous_7)
FNDA:64,(anonymous_8)
FNDA:3,(anonymous_9)
FNDA:2,(anonymous_10)
FNDA:40,(anonymous_11)
FNDA:2,(anonymous_12)
FNDA:3,(anonymous_13)
FNDA:2,(anonymous_14)
FNDA:3,(anonymous_15)
FNDA:7,(anonymous_16)
FNDA:3,(anonymous_18)
FNDA:1,(anonymous_19)
FNDA:49,(anonymous_20)
FNDA:40,(anonymous_21)
FNDA:20,(anonymous_22)
FNDA:54,err
FNDA:111,ok
DA:1,60
DA:20,204
DA:21,67
DA:22,67
DA:23,137
DA:24,137
DA:25,137
DA:27,0
DA:33,64
DA:34,63
DA:36,1
DA:41,3
DA:42,2
DA:44,1
DA:49,2
DA:50,1
DA:52,1
DA:57,40
DA:58,38
DA:64,2
DA:65,1
DA:67,1
DA:72,3
DA:73,1
DA:75,2
DA:80,2
DA:81,1
DA:83,1
DA:88,3
DA:89,2
DA:91,1
DA:101,7
DA:102,0
DA:104,7
DA:105,4
DA:106,3
DA:107,1
DA:109,3
DA:114,49
DA:119,40
DA:124,20
DA:130,54
DA:139,111
DA:144,60
LF:44
LH:42
BRDA:20,0,0,67
BRDA:20,0,1,137
BRDA:20,1,0,204
BRDA:20,1,1,67
BRDA:23,2,0,137
BRDA:23,2,1,0
BRDA:23,3,0,137
BRDA:23,3,1,137
BRDA:33,4,0,63
BRDA:41,5,0,2
BRDA:49,6,0,1
BRDA:57,7,0,38
BRDA:64,8,0,1
BRDA:72,9,0,1
BRDA:80,10,0,1
BRDA:88,11,0,2
BRDA:88,11,1,1
BRDA:101,12,0,0
BRDA:104,13,0,4
BRDA:124,14,0,20
BRDA:124,14,1,18
BRF:21
BRH:19
end_of_record
TN:
SF:/home/runner/work/fx-flow/fx-flow/packages/core/src/flow/toTry.ts
FN:15,toTry
FN:16,(anonymous_1)
FN:16,(anonymous_2)
FNF:3
FNH:3
FNDA:8,toTry
FNDA:3,(anonymous_1)
FNDA:3,(anonymous_2)
DA:2,60
DA:16,8
DA:19,60
LF:3
LH:3
BRF:0
BRH:0
end_of_record
TN:
SF:/home/runner/work/fx-flow/fx-flow/packages/core/src/flow/tryDo.ts
FN:25,tryDo
FN:29,(anonymous_1)
FN:29,(anonymous_2)
FNF:3
FNH:3
FNDA:11,tryDo
FNDA:2,(anonymous_1)
FNDA:5,(anonymous_2)
DA:2,60
DA:3,60
DA:26,11
DA:27,11
DA:28,9
DA:29,7
DA:31,2
DA:33,2
DA:37,60
LF:9
LH:9
BRDA:28,0,0,7
BRF:1
BRH:1
end_of_record
TN:
SF:/home/runner/work/fx-flow/fx-flow/packages/core/src/flow/useFlow.ts
FN:571,useFlow
FN:572,(anonymous_1)
FNF:2
FNH:2
FNDA:3,useFlow
FNDA:1,(anonymous_1)
DA:2,60
DA:572,3
DA:575,60
LF:3
LH:3
BRF:0
BRH:0
end_of_record
TN:
SF:/home/runner/work/fx-flow/fx-flow/packages/core/src/pipe/index.ts
FNF:0
FNH:0
DA:1,60
DA:2,60
LF:2
LH:2
BRF:0
BRH:0
end_of_record
TN:
SF:/home/runner/work/fx-flow/fx-flow/packages/core/src/pipe/lazy/append.ts
FN:5,sync
FN:10,asyncSequential
FN:14,(anonymous_9)
FN:17,(anonymous_10)
FN:35,async
FN:39,(anonymous_13)
FN:42,(anonymous_14)
FN:74,append
FN:79,(anonymous_17)
FNF:9
FNH:8
FNDA:1,sync
FNDA:4,asyncSequential
FNDA:0,(anonymous_9)
FNDA:26,(anonymous_10)
FNDA:4,async
FNDA:4,(anonymous_13)
FNDA:26,(anonymous_14)
FNDA:12,append
FNDA:3,(anonymous_17)
DA:2,60
DA:3,60
DA:6,1
DA:7,1
DA:11,4
DA:12,4
DA:13,4
DA:15,0
DA:18,26
DA:19,4
DA:21,22
DA:22,22
DA:23,3
DA:25,19
DA:26,4
DA:27,4
DA:29,15
DA:38,4
DA:40,4
DA:43,26
DA:44,4
DA:48,26
DA:78,12
DA:79,6
DA:82,6
DA:83,4
DA:86,2
DA:87,2
DA:90,0
DA:93,60
LF:30
LH:28
BRDA:18,0,0,4
BRDA:22,1,0,3
BRDA:25,2,0,4
BRDA:25,2,1,15
BRDA:43,3,0,4
BRDA:44,4,0,3
BRDA:44,4,1,1
BRDA:78,5,0,6
BRDA:82,6,0,4
BRDA:83,7,0,1
BRDA:83,7,1,3
BRDA:86,8,0,2
BRF:12
BRH:12
end_of_record
TN:
SF:/home/runner/work/fx-flow/fx-flow/packages/core/src/pipe/lazy/concat.ts
FN:5,sync
FN:10,toAsyncIterable
FN:17,(anonymous_9)
FN:23,async
FN:29,(anonymous_11)
FN:32,(anonymous_12)
FN:71,concat
FN:76,(anonymous_15)
FNF:8
FNH:7
FNDA:6,sync
FNDA:4,toAsyncIterable
FNDA:1,(anonymous_9)
FNDA:2,async
FNDA:2,(anonymous_11)
FNDA:15,(anonymous_12)
FNDA:12,concat
FNDA:0,(anonymous_15)
DA:3,60
DA:6,6
DA:7,5
DA:11,4
DA:12,3
DA:15,1
DA:16,1
DA:18,1
DA:24,2
DA:25,2
DA:26,2
DA:28,2
DA:30,2
DA:33,15
DA:34,15
DA:35,15
DA:36,5
DA:37,2
DA:39,5
DA:41,10
DA:75,12
DA:76,3
DA:79,9
DA:80,2
DA:83,7
DA:84,7
DA:87,0
DA:90,60
LF:28
LH:27
BRDA:11,0,0,3
BRDA:33,1,0,7
BRDA:33,1,1,8
BRDA:35,2,0,5
BRDA:35,2,1,10
BRDA:36,3,0,2
BRDA:75,4,0,3
BRDA:79,5,0,2
BRDA:79,6,0,9
BRDA:79,6,1,8
BRDA:83,7,0,7
BRDA:83,8,0,7
BRDA:83,8,1,7
BRF:13
BRH:13
end_of_record
TN:
SF:/home/runner/work/fx-flow/fx-flow/packages/core/src/pipe/lazy/concurrent.ts
FN:5,(anonymous_0)
FN:12,(anonymous_1)
FN:17,isConcurrent
FN:50,concurrent
FN:55,(anonymous_4)
FN:79,(anonymous_5)
FN:98,(anonymous_6)
FN:102,(anonymous_7)
FN:106,(anonymous_8)
FN:107,(anonymous_9)
FN:113,(anonymous_10)
FN:121,(anonymous_11)
FN:136,(anonymous_12)
FN:139,(anonymous_13)
FN:144,(anonymous_14)
FNF:15
FNH:15
FNDA:75,(anonymous_0)
FNDA:75,(anonymous_1)
FNDA:21,isConcurrent
FNDA:26,concurrent
FNDA:7,(anonymous_4)
FNDA:45,(anonymous_5)
FNDA:43,(anonymous_6)
FNDA:75,(anonymous_7)
FNDA:28,(anonymous_8)
FNDA:26,(anonymous_9)
FNDA:15,(anonymous_10)
FNDA:88,(anonymous_11)
FNDA:17,(anonymous_12)
FNDA:62,(anonymous_13)
FNDA:62,(anonymous_14)
DA:2,60
DA:4,60
DA:6,75
DA:13,75
DA:17,60
DA:18,21
DA:54,26
DA:55,8
DA:58,18
DA:59,0
DA:62,18
DA:63,0
DA:66,18
DA:67,18
DA:68,18
DA:70,18
DA:72,18
DA:74,18
DA:76,18
DA:77,18
DA:79,18
DA:81,45
DA:82,60
DA:83,60
DA:84,60
DA:85,56
DA:86,56
DA:87,56
DA:88,10
DA:91,4
DA:92,4
DA:93,4
DA:98,18
DA:99,43
DA:100,28
DA:102,75
DA:104,28
DA:105,28
DA:106,28
DA:108,26
DA:109,26
DA:110,26
DA:113,15
DA:114,15
DA:115,0
DA:121,18
DA:125,88
DA:126,0
DA:128,88
DA:129,45
DA:131,43
DA:135,18
DA:137,17
DA:140,62
DA:141,62
DA:142,0
DA:144,62
DA:145,62
DA:146,62
DA:152,60
LF:60
LH:55
BRDA:54,0,0,8
BRDA:58,1,0,0
BRDA:58,2,0,18
BRDA:58,2,1,18
BRDA:62,3,0,0
BRDA:81,4,0,101
BRDA:81,4,1,83
BRDA:84,5,0,56
BRDA:84,5,1,4
BRDA:87,6,0,10
BRDA:99,7,0,28
BRDA:99,7,1,15
BRDA:114,8,0,0
BRDA:114,9,0,15
BRDA:114,9,1,9
BRDA:125,10,0,0
BRDA:125,11,0,88
BRDA:125,11,1,88
BRDA:128,12,0,45
BRDA:128,12,1,43
BRDA:141,13,0,0
BRF:21
BRH:16
end_of_record
TN:
SF:/home/runner/work/fx-flow/fx-flow/packages/core/src/pipe/lazy/entries.ts
FN:16,entries
FNF:1
FNH:1
FNDA:3,entries
DA:17,3
DA:18,9
DA:19,8
DA:24,60
LF:4
LH:4
BRDA:18,0,0,8
BRF:1
BRH:1
end_of_record
TN:
SF:/home/runner/work/fx-flow/fx-flow/packages/core/src/pipe/lazy/enumerate.ts
FN:4,sync
FN:9,(anonymous_8)
FN:22,(anonymous_9)
FN:28,async
FN:33,(anonymous_11)
FN:46,(anonymous_13)
FN:72,enumerate
FN:78,(anonymous_15)
FNF:8
FNH:7
FNDA:2,sync
FNDA:4,(anonymous_8)
FNDA:1,(anonymous_9)
FNDA:1,async
FNDA:4,(anonymous_11)
FNDA:1,(anonymous_13)
FNDA:5,enumerate
FNDA:0,(anonymous_15)
DA:2,60
DA:5,2
DA:6,2
DA:8,2
DA:10,4
DA:11,4
DA:12,1
DA:15,3
DA:17,3
DA:23,1
DA:29,1
DA:30,1
DA:32,1
DA:34,4
DA:35,4
DA:36,1
DA:39,3
DA:41,3
DA:47,1
DA:77,5
DA:78,1
DA:81,4
DA:82,2
DA:85,2
DA:86,1
DA:89,1
DA:92,60
LF:27
LH:27
BRDA:11,0,0,1
BRDA:35,1,0,1
BRDA:77,2,0,1
BRDA:81,3,0,2
BRDA:85,4,0,1
BRF:5
BRH:5
end_of_record
TN:
SF:/home/runner/work/fx-flow/fx-flow/packages/core/src/pipe/lazy/filter.ts
FN:13,asyncSequential
FN:24,asyncConcurrent
FN:33,(anonymous_30)
FN:42,(anonymous_31)
FN:45,(anonymous_32)
FN:46,(anonymous_33)
FN:62,(anonymous_34)
FN:72,(anonymous_35)
FN:84,(anonymous_36)
FN:87,(anonymous_37)
FN:92,(anonymous_38)
FN:101,toFilterIterator
FN:107,(anonymous_40)
FN:110,(anonymous_41)
FN:122,(anonymous_43)
FN:132,async
FN:136,(anonymous_45)
FN:139,(anonymous_46)
FN:154,sync
FN:194,filter
FN:199,(anonymous_50)
FNF:21
FNH:19
FNDA:1,asyncSequential
FNDA:2,asyncConcurrent
FNDA:4,(anonymous_30)
FNDA:6,(anonymous_31)
FNDA:6,(anonymous_32)
FNDA:6,(anonymous_33)
FNDA:0,(anonymous_34)
FNDA:10,(anonymous_35)
FNDA:0,(anonymous_36)
FNDA:4,(anonymous_37)
FNDA:4,(anonymous_38)
FNDA:2,toFilterIterator
FNDA:2,(anonymous_40)
FNDA:6,(anonymous_41)
FNDA:6,(anonymous_43)
FNDA:4,async
FNDA:3,(anonymous_45)
FNDA:6,(anonymous_46)
FNDA:1,sync
FNDA:12,filter
FNDA:4,(anonymous_50)
DA:9,60
DA:11,60
DA:17,9
DA:18,4
DA:19,1
DA:25,2
DA:26,2
DA:27,2
DA:28,2
DA:29,2
DA:30,2
DA:31,2
DA:33,2
DA:34,4
DA:35,4
DA:36,4
DA:37,4
DA:38,4
DA:42,2
DA:43,6
DA:44,6
DA:45,6
DA:47,6
DA:49,0
DA:50,0
DA:51,0
DA:53,0
DA:54,0
DA:56,6
DA:57,6
DA:58,4
DA:60,6
DA:64,0
DA:65,0
DA:66,0
DA:67,0
DA:72,2
DA:73,10
DA:74,0
DA:76,10
DA:77,4
DA:79,6
DA:83,2
DA:85,0
DA:88,4
DA:89,4
DA:90,0
DA:92,4
DA:93,4
DA:94,4
DA:105,2
DA:106,2
DA:108,2
DA:111,6
DA:113,6
DA:114,0
DA:120,6
DA:123,6
DA:135,4
DA:137,3
DA:140,6
DA:141,3
DA:144,2
DA:146,1
DA:149,6
DA:155,1
DA:156,4
DA:158,4
DA:159,0
DA:162,4
DA:163,1
DA:198,12
DA:199,5
DA:202,7
DA:203,3
DA:206,4
DA:207,4
DA:210,0
DA:213,60
LF:79
LH:64
BRDA:18,0,0,1
BRDA:34,1,0,8
BRDA:34,1,1,4
BRDA:47,2,0,0
BRDA:57,3,0,4
BRDA:73,4,0,0
BRDA:73,5,0,10
BRDA:73,5,1,10
BRDA:76,6,0,4
BRDA:76,6,1,6
BRDA:89,7,0,0
BRDA:113,8,0,0
BRDA:140,9,0,3
BRDA:141,10,0,2
BRDA:141,10,1,1
BRDA:158,11,0,0
BRDA:162,12,0,1
BRDA:198,13,0,5
BRDA:202,14,0,3
BRDA:206,15,0,4
BRF:20
BRH:15
end_of_record
TN:
SF:/home/runner/work/fx-flow/fx-flow/packages/core/src/pipe/lazy/flat.ts
FN:8,isFlatAble
FN:12,asyncSequential
FN:16,(anonymous_9)
FN:19,(anonymous_10)
FN:44,asyncConcurrent
FN:51,(anonymous_13)
FN:51,(anonymous_14)
FN:65,(anonymous_15)
FN:65,(anonymous_16)
FN:83,(anonymous_17)
FN:96,(anonymous_18)
FN:103,(anonymous_19)
FN:106,(anonymous_20)
FN:107,(anonymous_22)
FN:111,(anonymous_23)
FN:119,async
FN:122,(anonymous_25)
FN:130,(anonymous_27)
FN:136,sync
FN:141,(anonymous_29)
FN:144,(anonymous_30)
FN:199,flat
FNF:22
FNH:20
FNDA:66,isFlatAble
FNDA:3,asyncSequential
FNDA:0,(anonymous_9)
FNDA:39,(anonymous_10)
FNDA:3,asyncConcurrent
FNDA:7,(anonymous_13)
FNDA:7,(anonymous_14)
FNDA:17,(anonymous_15)
FNDA:17,(anonymous_16)
FNDA:10,(anonymous_17)
FNDA:2,(anonymous_18)
FNDA:0,(anonymous_19)
FNDA:12,(anonymous_20)
FNDA:12,(anonymous_22)
FNDA:12,(anonymous_23)
FNDA:6,async
FNDA:36,(anonymous_25)
FNDA:6,(anonymous_27)
FNDA:9,sync
FNDA:8,(anonymous_29)
FNDA:54,(anonymous_30)
FNDA:10,flat
DA:2,60
DA:3,60
DA:4,60
DA:5,60
DA:6,60
DA:9,66
DA:13,3
DA:14,3
DA:15,3
DA:17,0
DA:20,39
DA:21,39
DA:22,3
DA:25,36
DA:26,36
DA:27,9
DA:28,9
DA:31,27
DA:32,6
DA:33,6
DA:36,21
DA:45,3
DA:46,3
DA:47,3
DA:48,3
DA:49,3
DA:51,7
DA:52,7
DA:53,5
DA:54,0
DA:57,5
DA:58,5
DA:60,0
DA:62,5
DA:65,17
DA:66,17
DA:67,3
DA:70,14
DA:71,14
DA:72,7
DA:73,5
DA:74,5
DA:77,0
DA:80,7
DA:83,3
DA:84,10
DA:85,3
DA:86,3
DA:87,3
DA:89,3
DA:92,7
DA:93,7
DA:96,3
DA:97,2
DA:98,2
DA:99,2
DA:102,3
DA:104,0
DA:107,12
DA:108,12
DA:110,12
DA:111,12
DA:121,6
DA:123,36
DA:124,6
DA:128,36
DA:131,6
DA:137,9
DA:138,9
DA:140,9
DA:142,8
DA:145,54
DA:146,54
DA:147,7
DA:150,47
DA:151,47
DA:152,13
DA:153,13
DA:156,34
DA:157,6
DA:158,6
DA:161,28
DA:200,10
DA:201,4
DA:204,6
DA:205,6
DA:208,0
DA:211,60
LF:88
LH:82
BRDA:9,0,0,66
BRDA:9,0,1,66
BRDA:21,1,0,3
BRDA:26,2,0,9
BRDA:31,3,0,6
BRDA:31,4,0,27
BRDA:31,4,1,6
BRDA:53,5,0,0
BRDA:57,6,0,5
BRDA:57,6,1,0
BRDA:66,7,0,3
BRDA:71,8,0,7
BRDA:73,9,0,5
BRDA:84,10,0,3
BRDA:84,11,0,10
BRDA:84,11,1,7
BRDA:123,12,0,6
BRDA:124,13,0,3
BRDA:124,13,1,3
BRDA:146,14,0,7
BRDA:151,15,0,13
BRDA:156,16,0,6
BRDA:156,17,0,34
BRDA:156,17,1,6
BRDA:199,18,0,6
BRDA:200,19,0,4
BRDA:204,20,0,6
BRF:27
BRH:25
end_of_record
TN:
SF:/home/runner/work/fx-flow/fx-flow/packages/core/src/pipe/lazy/index.ts
FNF:0
FNH:0
DA:1,60
DA:2,60
DA:3,60
DA:4,60
DA:5,60
DA:6,60
DA:7,60
DA:8,60
DA:9,60
DA:10,60
DA:11,60
DA:12,60
DA:13,60
DA:14,60
DA:15,60
LF:15
LH:15
BRF:0
BRH:0
end_of_record
TN:
SF:/home/runner/work/fx-flow/fx-flow/packages/core/src/pipe/lazy/keys.ts
FN:14,keys
FNF:1
FNH:1
FNDA:1,keys
DA:15,1
DA:16,3
DA:17,3
DA:22,60
LF:4
LH:4
BRDA:16,0,0,3
BRF:1
BRH:1
end_of_record
TN:
SF:/home/runner/work/fx-flow/fx-flow/packages/core/src/pipe/lazy/map.ts
FN:4,sync
FN:8,(anonymous_8)
FN:24,(anonymous_9)
FN:30,async
FN:34,(anonymous_11)
FN:46,(anonymous_13)
FN:72,map
FN:77,(anonymous_15)
FNF:8
FNH:8
FNDA:20,sync
FNDA:49,(anonymous_8)
FNDA:17,(anonymous_9)
FNDA:19,async
FNDA:69,(anonymous_11)
FNDA:19,(anonymous_13)
FNDA:68,map
FNDA:26,(anonymous_15)
DA:2,60
DA:5,20
DA:7,20
DA:9,49
DA:10,49
DA:11,10
DA:14,39
DA:15,39
DA:16,1
DA:19,38
DA:25,17
DA:31,19
DA:33,19
DA:35,69
DA:36,68
DA:37,14
DA:39,54
DA:41,54
DA:47,19
DA:76,68
DA:77,28
DA:80,40
DA:81,20
DA:84,20
DA:85,19
DA:88,1
DA:91,60
LF:27
LH:27
BRDA:10,0,0,10
BRDA:15,1,0,1
BRDA:36,2,0,14
BRDA:43,3,0,25
BRDA:43,3,1,29
BRDA:76,4,0,28
BRDA:80,5,0,20
BRDA:84,6,0,19
BRF:8
BRH:8
end_of_record
TN:
SF:/home/runner/work/fx-flow/fx-flow/packages/core/src/pipe/lazy/peek.ts
FN:38,peek
FN:47,(anonymous_1)
FNF:2
FNH:2
FNDA:12,peek
FNDA:5,(anonymous_1)
DA:2,60
DA:3,60
DA:4,60
DA:46,12
DA:47,6
DA:50,6
DA:51,4
DA:54,2
DA:55,2
DA:58,0
DA:61,60
LF:11
LH:10
BRDA:46,0,0,6
BRDA:50,1,0,4
BRDA:54,2,0,2
BRF:3
BRH:3
end_of_record
TN:
SF:/home/runner/work/fx-flow/fx-flow/packages/core/src/pipe/lazy/range.ts
FN:19,range
FNF:1
FNH:1
FNDA:27,range
DA:20,27
DA:21,10
DA:23,17
DA:24,1
DA:26,16
DA:27,2
DA:28,4
DA:29,4
DA:32,14
DA:33,39
DA:34,33
DA:39,60
LF:12
LH:12
BRDA:19,0,0,13
BRDA:20,1,0,10
BRDA:21,2,0,9
BRDA:21,2,1,1
BRDA:23,3,0,1
BRDA:23,4,0,17
BRDA:23,4,1,2
BRDA:26,5,0,2
BRDA:26,5,1,14
BRF:9
BRH:9
end_of_record
TN:
SF:/home/runner/work/fx-flow/fx-flow/packages/core/src/pipe/lazy/take.ts
FN:4,sync
FN:16,async
FN:19,(anonymous_9)
FN:22,(anonymous_10)
FN:50,take
FN:62,(anonymous_13)
FNF:6
FNH:6
FNDA:2,sync
FNDA:6,async
FNDA:4,(anonymous_9)
FNDA:13,(anonymous_10)
FNDA:16,take
FNDA:5,(anonymous_13)
DA:2,60
DA:5,2
DA:6,2
DA:7,4
DA:8,4
DA:9,4
DA:10,0
DA:12,4
DA:17,6
DA:18,6
DA:20,4
DA:23,13
DA:24,5
DA:26,8
DA:57,16
DA:58,2
DA:61,14
DA:62,5
DA:65,9
DA:66,3
DA:69,6
DA:70,6
DA:73,0
DA:76,60
LF:24
LH:22
BRDA:9,0,0,0
BRDA:23,1,0,5
BRDA:57,2,0,2
BRDA:61,3,0,5
BRDA:65,4,0,3
BRDA:69,5,0,6
BRF:6
BRH:5
end_of_record
TN:
SF:/home/runner/work/fx-flow/fx-flow/packages/core/src/pipe/lazy/takeUntil.ts
FN:5,sync
FN:19,asyncSequential
FN:27,(anonymous_9)
FN:30,(anonymous_10)
FN:53,async
FN:56,(anonymous_13)
FN:59,(anonymous_14)
FN:91,takeUntil
FN:96,(anonymous_17)
FNF:9
FNH:8
FNDA:13,sync
FNDA:8,asyncSequential
FNDA:0,(anonymous_9)
FNDA:27,(anonymous_10)
FNDA:9,async
FNDA:8,(anonymous_13)
FNDA:27,(anonymous_14)
FNDA:44,takeUntil
FNDA:20,(anonymous_17)
DA:2,60
DA:3,60
DA:6,13
DA:7,24
DA:9,24
DA:10,24
DA:11,0
DA:13,24
DA:14,7
DA:23,8
DA:24,8
DA:26,8
DA:28,0
DA:31,27
DA:32,5
DA:35,22
DA:36,22
DA:37,2
DA:40,20
DA:41,20
DA:42,0
DA:44,20
DA:45,5
DA:48,20
DA:55,9
DA:57,8
DA:60,27
DA:61,8
DA:62,1
DA:64,7
DA:67,27
DA:95,44
DA:96,21
DA:99,23
DA:100,14
DA:103,9
DA:104,9
DA:107,0
DA:110,60
LF:39
LH:35
BRDA:10,0,0,0
BRDA:13,1,0,7
BRDA:31,2,0,5
BRDA:36,3,0,2
BRDA:36,4,0,22
BRDA:36,4,1,20
BRDA:41,5,0,0
BRDA:44,6,0,5
BRDA:60,7,0,8
BRDA:61,8,0,1
BRDA:61,8,1,7
BRDA:95,9,0,21
BRDA:99,10,0,14
BRDA:103,11,0,9
BRF:14
BRH:12
end_of_record
TN:
SF:/home/runner/work/fx-flow/fx-flow/packages/core/src/pipe/lazy/toAsync.ts
FN:17,toAsync
FN:20,(anonymous_8)
FN:23,(anonymous_10)
FN:28,(anonymous_11)
FNF:4
FNH:4
FNDA:49,toAsync
FNDA:167,(anonymous_8)
FNDA:21,(anonymous_10)
FNDA:45,(anonymous_11)
DA:1,60
DA:17,60
DA:18,49
DA:19,49
DA:21,167
DA:22,166
DA:23,21
DA:25,145
DA:29,45
LF:9
LH:9
BRDA:22,0,0,21
BRDA:22,0,1,145
BRF:2
BRH:2
end_of_record
TN:
SF:/home/runner/work/fx-flow/fx-flow/packages/core/src/pipe/lazy/values.ts
FN:14,values
FNF:1
FNH:1
FNDA:1,values
DA:15,1
DA:16,3
DA:17,3
DA:22,60
LF:4
LH:4
BRDA:16,0,0,3
BRF:1
BRH:1
end_of_record
TN:
SF:/home/runner/work/fx-flow/fx-flow/packages/core/src/pipe/strict/add.ts
FN:13,sync
FN:25,async
FN:55,add
FN:60,(anonymous_11)
FNF:4
FNH:3
FNDA:4,sync
FNDA:1,async
FNDA:4,add
FNDA:0,(anonymous_11)
DA:2,60
DA:3,60
DA:4,60
DA:14,4
DA:15,3
DA:18,1
DA:19,1
DA:22,0
DA:26,1
DA:59,4
DA:60,0
DA:63,4
DA:64,1
DA:67,3
DA:70,60
LF:15
LH:13
BRDA:14,0,0,3
BRDA:14,1,0,4
BRDA:14,1,1,3
BRDA:18,2,0,1
BRDA:18,3,0,1
BRDA:18,3,1,1
BRDA:59,4,0,0
BRDA:63,5,0,1
BRDA:63,6,0,4
BRDA:63,6,1,3
BRF:10
BRH:9
end_of_record
TN:
SF:/home/runner/work/fx-flow/fx-flow/packages/core/src/pipe/strict/always.ts
FN:11,always
FN:12,(anonymous_1)
FNF:2
FNH:2
FNDA:2,always
FNDA:1,(anonymous_1)
DA:12,2
DA:15,60
LF:2
LH:2
BRF:0
BRH:0
end_of_record
TN:
SF:/home/runner/work/fx-flow/fx-flow/packages/core/src/pipe/strict/apply.ts
FN:17,apply
FN:22,(anonymous_1)
FNF:2
FNH:1
FNDA:3,apply
FNDA:0,(anonymous_1)
DA:21,3
DA:22,1
DA:24,2
DA:28,60
LF:4
LH:4
BRDA:21,0,0,1
BRDA:21,0,1,2
BRF:2
BRH:2
end_of_record
TN:
SF:/home/runner/work/fx-flow/fx-flow/packages/core/src/pipe/strict/consume.ts
FN:5,sync
FN:15,async
FN:36,consume
FNF:3
FNH:3
FNDA:4,sync
FNDA:2,async
FNDA:6,consume
DA:2,60
DA:3,60
DA:6,4
DA:8,4
DA:9,15
DA:10,3
DA:16,2
DA:17,16
DA:18,7
DA:19,1
DA:37,6
DA:38,4
DA:41,2
DA:42,2
DA:45,0
DA:48,60
LF:16
LH:15
BRDA:9,0,0,3
BRDA:18,1,0,1
BRDA:36,2,0,3
BRDA:37,3,0,4
BRDA:41,4,0,2
BRF:5
BRH:5
end_of_record
TN:
SF:/home/runner/work/fx-flow/fx-flow/packages/core/src/pipe/strict/curry.ts
FN:15,curry
FN:19,(anonymous_1)
FNF:2
FNH:2
FNDA:2,curry
FNDA:1,(anonymous_1)
DA:15,60
DA:19,2
LF:2
LH:2
BRF:0
BRH:0
end_of_record
TN:
SF:/home/runner/work/fx-flow/fx-flow/packages/core/src/pipe/strict/delay.ts
FN:18,delay
FN:19,(anonymous_1)
FN:23,(anonymous_2)
FNF:3
FNH:3
FNDA:30,delay
FNDA:30,(anonymous_1)
FNDA:22,(anonymous_2)
DA:2,60
DA:19,30
DA:20,30
DA:21,1
DA:23,30
DA:24,22
DA:29,60
LF:7
LH:7
BRDA:20,0,0,1
BRF:1
BRH:1
end_of_record
TN:
SF:/home/runner/work/fx-flow/fx-flow/packages/core/src/pipe/strict/each.ts
FN:4,sync
FN:10,async
FN:37,each
FN:44,(anonymous_18)
FNF:4
FNH:4
FNDA:4,sync
FNDA:6,async
FNDA:12,each
FNDA:2,(anonymous_18)
DA:2,60
DA:5,4
DA:6,13
DA:11,24
DA:12,12
DA:13,12
DA:14,3
DA:43,12
DA:44,2
DA:47,10
DA:48,4
DA:51,6
DA:52,6
DA:55,0
DA:58,60
LF:15
LH:14
BRDA:13,0,0,3
BRDA:43,1,0,2
BRDA:47,2,0,4
BRDA:51,3,0,6
BRF:4
BRH:4
end_of_record
TN:
SF:/home/runner/work/fx-flow/fx-flow/packages/core/src/pipe/strict/every.ts
FN:32,every
FN:37,(anonymous_1)
FN:45,(anonymous_2)
FN:46,(anonymous_3)
FNF:4
FNH:3
FNDA:7,every
FNDA:0,(anonymous_1)
FNDA:8,(anonymous_2)
FNDA:6,(anonymous_3)
DA:2,60
DA:3,60
DA:4,60
DA:5,60
DA:6,60
DA:7,60
DA:36,7
DA:37,1
DA:40,6
DA:41,6
DA:45,8
DA:46,6
DA:51,0
DA:54,60
LF:14
LH:13
BRDA:36,0,0,1
BRDA:40,1,0,6
BRDA:40,2,0,6
BRDA:40,2,1,2
BRDA:45,3,0,8
BRDA:45,3,1,8
BRDA:46,4,0,5
BRDA:46,4,1,1
BRDA:46,5,0,6
BRDA:46,5,1,6
BRF:10
BRH:10
end_of_record
TN:
SF:/home/runner/work/fx-flow/fx-flow/packages/core/src/pipe/strict/gt.ts
FN:18,gt
FN:20,(anonymous_1)
FNF:2
FNH:2
FNDA:11,gt
FNDA:4,(anonymous_1)
DA:19,11
DA:20,4
DA:23,9
DA:28,8
DA:31,1
DA:34,60
LF:6
LH:6
BRDA:19,0,0,2
BRDA:23,1,0,8
BRDA:24,2,0,9
BRDA:24,2,1,7
BRDA:24,2,2,3
BRDA:24,2,3,1
BRDA:24,2,4,2
BRDA:24,2,5,1
BRF:8
BRH:8
end_of_record
TN:
SF:/home/runner/work/fx-flow/fx-flow/packages/core/src/pipe/strict/identity.ts
FN:11,identity
FNF:1
FNH:1
FNDA:24,identity
DA:12,24
DA:15,60
LF:2
LH:2
BRF:0
BRH:0
end_of_record
TN:
SF:/home/runner/work/fx-flow/fx-flow/packages/core/src/pipe/strict/includes.ts
FN:28,includes
FN:33,(anonymous_1)
FN:37,(anonymous_2)
FN:41,(anonymous_3)
FNF:4
FNH:4
FNDA:8,includes
FNDA:1,(anonymous_1)
FNDA:3,(anonymous_2)
FNDA:3,(anonymous_3)
DA:2,60
DA:3,60
DA:32,8
DA:33,2
DA:36,6
DA:37,3
DA:40,3
DA:41,3
DA:44,1
DA:47,60
LF:10
LH:10
BRDA:32,0,0,2
BRDA:36,1,0,3
BRDA:40,2,0,2
BRF:3
BRH:3
end_of_record
TN:
SF:/home/runner/work/fx-flow/fx-flow/packages/core/src/pipe/strict/index.ts
FNF:0
FNH:0
DA:1,60
DA:2,60
DA:3,60
DA:4,60
DA:5,60
DA:6,60
DA:7,60
DA:8,60
DA:9,60
DA:10,60
DA:11,60
DA:12,60
DA:13,60
DA:14,60
DA:15,60
DA:16,60
DA:17,60
DA:18,60
DA:19,60
DA:20,60
DA:21,60
DA:22,60
DA:23,60
DA:24,60
DA:25,60
DA:26,60
DA:27,60
DA:28,60
DA:29,60
DA:30,60
LF:30
LH:30
BRF:0
BRH:0
end_of_record
TN:
SF:/home/runner/work/fx-flow/fx-flow/packages/core/src/pipe/strict/isArray.ts
FN:14,isArray
FNF:1
FNH:1
FNDA:109,isArray
DA:15,109
DA:18,60
LF:2
LH:2
BRF:0
BRH:0
end_of_record
TN:
SF:/home/runner/work/fx-flow/fx-flow/packages/core/src/pipe/strict/isBoolean.ts
FN:14,isBoolean
FNF:1
FNH:1
FNDA:4,isBoolean
DA:15,4
DA:18,60
LF:2
LH:2
BRF:0
BRH:0
end_of_record
TN:
SF:/home/runner/work/fx-flow/fx-flow/packages/core/src/pipe/strict/isEmpty.ts
FN:24,isEmpty
FNF:1
FNH:1
FNDA:11,isEmpty
DA:1,60
DA:2,60
DA:25,11
DA:27,9
DA:32,1
DA:35,8
DA:37,7
DA:39,6
DA:42,60
LF:9
LH:9
BRDA:25,0,0,2
BRDA:27,1,0,1
BRDA:28,2,0,9
BRDA:28,2,1,4
BRDA:28,2,2,1
BRDA:35,3,0,1
BRDA:35,4,0,8
BRDA:35,4,1,2
BRDA:37,5,0,1
BRF:9
BRH:9
end_of_record
TN:
SF:/home/runner/work/fx-flow/fx-flow/packages/core/src/pipe/strict/isFunction.ts
FN:14,isFunction
FNF:1
FNH:1
FNDA:3,isFunction
DA:15,3
DA:18,60
LF:2
LH:2
BRF:0
BRH:0
end_of_record
TN:
SF:/home/runner/work/fx-flow/fx-flow/packages/core/src/pipe/strict/isNil.ts
FN:17,isNil
FNF:1
FNH:1
FNDA:15,isNil
DA:2,60
DA:3,60
DA:18,15
DA:21,60
LF:4
LH:4
BRDA:18,0,0,15
BRDA:18,0,1,13
BRF:2
BRH:2
end_of_record
TN:
SF:/home/runner/work/fx-flow/fx-flow/packages/core/src/pipe/strict/isNull.ts
FN:15,isNull
FNF:1
FNH:1
FNDA:18,isNull
DA:16,18
DA:19,60
LF:2
LH:2
BRF:0
BRH:0
end_of_record
TN:
SF:/home/runner/work/fx-flow/fx-flow/packages/core/src/pipe/strict/isNumber.ts
FN:14,isNumber
FNF:1
FNH:1
FNDA:11,isNumber
DA:15,11
DA:18,60
LF:2
LH:2
BRF:0
BRH:0
end_of_record
TN:
SF:/home/runner/work/fx-flow/fx-flow/packages/core/src/pipe/strict/isObject.ts
FN:17,isObject
FNF:1
FNH:1
FNDA:7,isObject
DA:18,7
DA:19,7
DA:22,60
LF:3
LH:3
BRDA:19,0,0,7
BRDA:19,0,1,6
BRDA:19,0,2,3
BRF:3
BRH:3
end_of_record
TN:
SF:/home/runner/work/fx-flow/fx-flow/packages/core/src/pipe/strict/isString.ts
FN:14,isString
FNF:1
FNH:1
FNDA:8,isString
DA:15,8
DA:18,60
LF:2
LH:2
BRF:0
BRH:0
end_of_record
TN:
SF:/home/runner/work/fx-flow/fx-flow/packages/core/src/pipe/strict/isUndefined.ts
FN:15,isUndefined
FNF:1
FNH:1
FNDA:16,isUndefined
DA:16,16
DA:19,60
LF:2
LH:2
BRF:0
BRH:0
end_of_record
TN:
SF:/home/runner/work/fx-flow/fx-flow/packages/core/src/pipe/strict/last.ts
FN:47,last
FN:52,(anonymous_1)
FNF:2
FNH:2
FNDA:98,last
FNDA:8,(anonymous_1)
DA:2,60
DA:3,60
DA:4,60
DA:5,60
DA:48,98
DA:49,96
DA:51,2
DA:52,8
DA:55,0
DA:58,60
LF:10
LH:9
BRDA:48,0,0,96
BRDA:48,1,0,98
BRDA:48,1,1,2
BRDA:51,2,0,2
BRDA:51,3,0,2
BRDA:51,3,1,1
BRF:6
BRH:6
end_of_record
TN:
SF:/home/runner/work/fx-flow/fx-flow/packages/core/src/pipe/strict/max.ts
FN:4,sync
FN:17,async
FN:42,max
FNF:3
FNH:3
FNDA:6,sync
FNDA:3,async
FNDA:9,max
DA:2,60
DA:5,6
DA:6,6
DA:7,12
DA:8,1
DA:10,11
DA:11,11
DA:14,5
DA:18,3
DA:19,8
DA:20,4
DA:21,0
DA:23,4
DA:24,4
DA:27,3
DA:43,9
DA:44,6
DA:46,3
DA:47,3
DA:50,0
DA:53,60
LF:21
LH:19
BRDA:7,0,0,1
BRDA:10,1,0,11
BRDA:10,2,0,11
BRDA:10,2,1,5
BRDA:20,3,0,0
BRDA:23,4,0,4
BRDA:23,5,0,4
BRDA:23,5,1,3
BRDA:43,6,0,6
BRDA:46,7,0,3
BRF:10
BRH:9
end_of_record
TN:
SF:/home/runner/work/fx-flow/fx-flow/packages/core/src/pipe/strict/not.ts
FN:11,not
FNF:1
FNH:1
FNDA:22,not
DA:12,22
DA:15,60
LF:2
LH:2
BRF:0
BRH:0
end_of_record
TN:
SF:/home/runner/work/fx-flow/fx-flow/packages/core/src/pipe/strict/pipe.ts
FN:337,pipe
FNF:1
FNH:1
FNDA:43,pipe
DA:2,60
DA:3,60
DA:338,43
DA:339,43
DA:342,60
LF:5
LH:5
BRF:0
BRH:0
end_of_record
TN:
SF:/home/runner/work/fx-flow/fx-flow/packages/core/src/pipe/strict/reduce.ts
FN:15,sync
FN:23,async
FN:30,(anonymous_17)
FN:78,reduce
FN:87,(anonymous_19)
FN:97,(anonymous_20)
FN:105,(anonymous_21)
FN:110,(anonymous_22)
FNF:8
FNH:8
FNDA:58,sync
FNDA:11,async
FNDA:24,(anonymous_17)
FNDA:95,reduce
FNDA:21,(anonymous_19)
FNDA:13,(anonymous_20)
FNDA:11,(anonymous_21)
FNDA:11,(anonymous_22)
DA:9,60
DA:16,58
DA:17,58
DA:18,186
DA:20,58
DA:28,11
DA:29,48
DA:30,24
DA:32,11
DA:85,95
DA:86,50
DA:87,23
DA:90,27
DA:91,16
DA:92,16
DA:93,16
DA:94,3
DA:96,13
DA:98,13
DA:103,11
DA:104,11
DA:105,11
DA:106,11
DA:107,0
DA:109,11
DA:111,11
DA:117,0
DA:120,45
DA:121,45
DA:124,0
DA:125,0
DA:128,0
DA:131,60
LF:33
LH:28
BRDA:85,0,0,50
BRDA:86,1,0,23
BRDA:90,2,0,16
BRDA:93,3,0,3
BRDA:103,4,0,11
BRDA:106,5,0,0
BRDA:120,6,0,45
BRDA:124,7,0,0
BRF:8
BRH:6
end_of_record
TN:
SF:/home/runner/work/fx-flow/fx-flow/packages/core/src/pipe/strict/size.ts
FN:5,sync
FN:7,(anonymous_8)
FN:11,async
FN:13,(anonymous_11)
FN:27,size
FNF:5
FNH:5
FNDA:2,sync
FNDA:5,(anonymous_8)
FNDA:2,async
FNDA:6,(anonymous_11)
FNDA:4,size
DA:2,60
DA:3,60
DA:6,2
DA:7,5
DA:8,2
DA:12,2
DA:13,6
DA:14,2
DA:28,4
DA:29,2
DA:32,2
DA:33,2
DA:36,0
DA:39,60
LF:14
LH:13
BRDA:28,0,0,2
BRDA:32,1,0,2
BRF:2
BRH:2
end_of_record
TN:
SF:/home/runner/work/fx-flow/fx-flow/packages/core/src/pipe/strict/some.ts
FN:32,some
FN:37,(anonymous_1)
FN:45,(anonymous_2)
FNF:3
FNH:3
FNDA:14,some
FNDA:1,(anonymous_1)
FNDA:13,(anonymous_2)
DA:2,60
DA:3,60
DA:4,60
DA:5,60
DA:6,60
DA:7,60
DA:36,14
DA:37,2
DA:40,12
DA:41,12
DA:45,13
DA:50,0
DA:53,60
LF:13
LH:12
BRDA:36,0,0,2
BRDA:40,1,0,12
BRDA:40,2,0,12
BRDA:40,2,1,4
BRDA:45,3,0,13
BRDA:45,3,1,13
BRF:6
BRH:6
end_of_record
TN:
SF:/home/runner/work/fx-flow/fx-flow/packages/core/src/pipe/strict/tap.ts
FN:22,tap
FN:24,(anonymous_1)
FN:29,(anonymous_2)
FNF:3
FNH:3
FNDA:26,tap
FNDA:15,(anonymous_1)
FNDA:1,(anonymous_2)
DA:2,60
DA:23,26
DA:24,15
DA:27,19
DA:29,19
DA:32,60
LF:6
LH:6
BRDA:23,0,0,7
BRDA:27,1,0,1
BRDA:27,1,1,18
BRDA:29,2,0,1
BRDA:29,2,1,18
BRF:5
BRH:5
end_of_record
TN:
SF:/home/runner/work/fx-flow/fx-flow/packages/core/src/pipe/strict/toArray.ts
FN:4,async
FN:29,toArray
FNF:2
FNH:2
FNDA:15,async
FNDA:21,toArray
DA:2,60
DA:5,15
DA:6,120
DA:7,60
DA:9,13
DA:30,21
DA:31,15
DA:32,6
DA:33,6
DA:36,0
DA:39,60
LF:11
LH:10
BRDA:30,0,0,15
BRDA:30,0,1,6
BRDA:32,1,0,6
BRF:3
BRH:3
end_of_record
TN:
SF:src/utils.ts
FN:1,expectType
FNF:1
FNH:1
FNDA:123,expectType
DA:1,59
LF:1
LH:1
BRF:0
BRH:0
end_of_record
